[Fri Sep 04 03:54:33.572645 2020] [ssl:warn] [pid 11312:tid 552] AH01909: www.example.com:443:0 server certificate does NOT include an ID which matches the server name
[Fri Sep 04 03:54:33.772544 2020] [ssl:warn] [pid 11312:tid 552] AH01909: www.example.com:443:0 server certificate does NOT include an ID which matches the server name
[Fri Sep 04 03:54:37.154414 2020] [mpm_winnt:notice] [pid 11312:tid 552] AH00455: Apache/2.4.46 (Win64) OpenSSL/1.1.1g PHP/7.4.9 configured -- resuming normal operations
[Fri Sep 04 03:54:37.154414 2020] [mpm_winnt:notice] [pid 11312:tid 552] AH00456: Apache Lounge VC15 Server built: Aug  4 2020 11:50:23
[Fri Sep 04 03:54:37.154414 2020] [core:notice] [pid 11312:tid 552] AH00094: Command line: 'C:\\xampp\\apache\\bin\\httpd.exe -d C:/xampp/apache'
[Fri Sep 04 03:54:37.654378 2020] [mpm_winnt:notice] [pid 11312:tid 552] AH00418: Parent: Created child process 35860
[Fri Sep 04 03:54:38.518378 2020] [ssl:warn] [pid 35860:tid 668] AH01909: www.example.com:443:0 server certificate does NOT include an ID which matches the server name
[Fri Sep 04 03:54:38.638416 2020] [ssl:warn] [pid 35860:tid 668] AH01909: www.example.com:443:0 server certificate does NOT include an ID which matches the server name
[Fri Sep 04 03:54:38.830512 2020] [mpm_winnt:notice] [pid 35860:tid 668] AH00354: Child: Starting 150 worker threads.
[Sat Sep 05 01:12:38.430246 2020] [ssl:warn] [pid 36360:tid 668] AH01909: www.example.com:443:0 server certificate does NOT include an ID which matches the server name
[Sat Sep 05 01:12:38.830537 2020] [ssl:warn] [pid 36360:tid 668] AH01909: www.example.com:443:0 server certificate does NOT include an ID which matches the server name
[Sat Sep 05 01:12:48.081927 2020] [mpm_winnt:notice] [pid 36360:tid 668] AH00455: Apache/2.4.46 (Win64) OpenSSL/1.1.1g PHP/7.4.9 configured -- resuming normal operations
[Sat Sep 05 01:12:48.081927 2020] [mpm_winnt:notice] [pid 36360:tid 668] AH00456: Apache Lounge VC15 Server built: Aug  4 2020 11:50:23
[Sat Sep 05 01:12:48.081927 2020] [core:notice] [pid 36360:tid 668] AH00094: Command line: 'c:\\xampp\\apache\\bin\\httpd.exe -d C:/xampp/apache'
[Sat Sep 05 01:12:48.209926 2020] [mpm_winnt:notice] [pid 36360:tid 668] AH00418: Parent: Created child process 10428
[Sat Sep 05 01:12:50.165038 2020] [ssl:warn] [pid 10428:tid 684] AH01909: www.example.com:443:0 server certificate does NOT include an ID which matches the server name
[Sat Sep 05 01:12:50.316053 2020] [ssl:warn] [pid 10428:tid 684] AH01909: www.example.com:443:0 server certificate does NOT include an ID which matches the server name
[Sat Sep 05 01:12:50.489168 2020] [mpm_winnt:notice] [pid 10428:tid 684] AH00354: Child: Starting 150 worker threads.
[Sat Sep 05 14:13:58.252726 2020] [php7:error] [pid 10428:tid 1924] [client ::1:58861] PHP Fatal error:  Uncaught Error: Call to undefined function inclued() in C:\\xampp\\htdocs\\demo\\registration.php:2\nStack trace:\n#0 {main}\n  thrown in C:\\xampp\\htdocs\\demo\\registration.php on line 2, referer: http://localhost/demo/registration.php
[Sat Sep 05 14:14:09.582582 2020] [php7:error] [pid 10428:tid 1924] [client ::1:58864] PHP Fatal error:  Uncaught Error: Call to undefined function inclued() in C:\\xampp\\htdocs\\demo\\registration.php:2\nStack trace:\n#0 {main}\n  thrown in C:\\xampp\\htdocs\\demo\\registration.php on line 2, referer: http://localhost/demo/registration.php
[Sat Sep 05 14:14:15.569756 2020] [php7:error] [pid 10428:tid 1928] [client ::1:58865] PHP Fatal error:  Uncaught Error: Call to undefined function inclued() in C:\\xampp\\htdocs\\demo\\registration.php:2\nStack trace:\n#0 {main}\n  thrown in C:\\xampp\\htdocs\\demo\\registration.php on line 2
[Sat Sep 05 14:14:36.675656 2020] [php7:error] [pid 10428:tid 1924] [client ::1:58900] PHP Fatal error:  Uncaught Error: Call to undefined function inclued() in C:\\xampp\\htdocs\\demo\\registration.php:2\nStack trace:\n#0 {main}\n  thrown in C:\\xampp\\htdocs\\demo\\registration.php on line 2
[Sat Sep 05 14:15:02.362369 2020] [php7:error] [pid 10428:tid 1924] [client ::1:58904] PHP Parse error:  syntax error, unexpected '}' in C:\\xampp\\htdocs\\demo\\server.php on line 19
[Sat Sep 05 14:15:17.151304 2020] [php7:error] [pid 10428:tid 1924] [client ::1:58907] PHP Parse error:  syntax error, unexpected '}' in C:\\xampp\\htdocs\\demo\\server.php on line 20
[Sat Sep 05 14:15:18.421493 2020] [php7:error] [pid 10428:tid 1924] [client ::1:58907] PHP Parse error:  syntax error, unexpected '}' in C:\\xampp\\htdocs\\demo\\server.php on line 20
[Sat Sep 05 14:15:40.921775 2020] [php7:error] [pid 10428:tid 1924] [client ::1:58911] PHP Parse error:  syntax error, unexpected end of file in C:\\xampp\\htdocs\\demo\\server.php on line 44
[Sat Sep 05 14:15:41.997956 2020] [php7:error] [pid 10428:tid 1924] [client ::1:58911] PHP Parse error:  syntax error, unexpected end of file in C:\\xampp\\htdocs\\demo\\server.php on line 44
[Sat Sep 05 14:15:59.574094 2020] [php7:error] [pid 10428:tid 1924] [client ::1:58923] PHP Parse error:  syntax error, unexpected end of file in C:\\xampp\\htdocs\\demo\\server.php on line 44
[Sat Sep 05 14:16:01.106168 2020] [php7:error] [pid 10428:tid 1924] [client ::1:58923] PHP Parse error:  syntax error, unexpected end of file in C:\\xampp\\htdocs\\demo\\server.php on line 44
[Sat Sep 05 14:20:41.672317 2020] [php7:error] [pid 10428:tid 1924] [client ::1:58933] PHP Parse error:  syntax error, unexpected end of file in C:\\xampp\\htdocs\\demo\\server.php on line 44
[Sat Sep 05 14:20:42.421942 2020] [php7:error] [pid 10428:tid 1924] [client ::1:58933] PHP Parse error:  syntax error, unexpected end of file in C:\\xampp\\htdocs\\demo\\server.php on line 44
[Sat Sep 05 14:20:42.784162 2020] [php7:error] [pid 10428:tid 1924] [client ::1:58933] PHP Parse error:  syntax error, unexpected end of file in C:\\xampp\\htdocs\\demo\\server.php on line 44
[Sat Sep 05 14:20:42.886335 2020] [php7:error] [pid 10428:tid 1924] [client ::1:58933] PHP Parse error:  syntax error, unexpected end of file in C:\\xampp\\htdocs\\demo\\server.php on line 44
[Sat Sep 05 14:20:43.208474 2020] [php7:error] [pid 10428:tid 1924] [client ::1:58933] PHP Parse error:  syntax error, unexpected end of file in C:\\xampp\\htdocs\\demo\\server.php on line 44
[Sat Sep 05 14:20:43.392403 2020] [php7:error] [pid 10428:tid 1924] [client ::1:58933] PHP Parse error:  syntax error, unexpected end of file in C:\\xampp\\htdocs\\demo\\server.php on line 44
[Sat Sep 05 14:20:43.986454 2020] [php7:error] [pid 10428:tid 1924] [client ::1:58933] PHP Parse error:  syntax error, unexpected end of file in C:\\xampp\\htdocs\\demo\\server.php on line 44
[Sat Sep 05 14:20:44.363233 2020] [php7:error] [pid 10428:tid 1924] [client ::1:58933] PHP Parse error:  syntax error, unexpected end of file in C:\\xampp\\htdocs\\demo\\server.php on line 44
[Sat Sep 05 14:21:34.878707 2020] [php7:error] [pid 10428:tid 1924] [client ::1:58944] PHP Parse error:  syntax error, unexpected '}' in C:\\xampp\\htdocs\\demo\\server.php on line 19
[Sat Sep 05 14:21:57.565909 2020] [php7:error] [pid 10428:tid 1924] [client ::1:58947] PHP Parse error:  syntax error, unexpected end of file in C:\\xampp\\htdocs\\demo\\server.php on line 43
[Sat Sep 05 14:22:25.448196 2020] [php7:error] [pid 10428:tid 1924] [client ::1:58950] PHP Parse error:  syntax error, unexpected end of file in C:\\xampp\\htdocs\\demo\\server.php on line 43
[Sat Sep 05 14:22:26.630022 2020] [php7:error] [pid 10428:tid 1924] [client ::1:58950] PHP Parse error:  syntax error, unexpected end of file in C:\\xampp\\htdocs\\demo\\server.php on line 43
[Sat Sep 05 14:22:26.755691 2020] [php7:error] [pid 10428:tid 1924] [client ::1:58950] PHP Parse error:  syntax error, unexpected end of file in C:\\xampp\\htdocs\\demo\\server.php on line 43
[Sat Sep 05 14:22:27.019978 2020] [php7:error] [pid 10428:tid 1924] [client ::1:58950] PHP Parse error:  syntax error, unexpected end of file in C:\\xampp\\htdocs\\demo\\server.php on line 43
[Sat Sep 05 14:22:34.461395 2020] [php7:error] [pid 10428:tid 1924] [client ::1:58956] PHP Parse error:  syntax error, unexpected end of file in C:\\xampp\\htdocs\\demo\\server.php on line 43
[Sat Sep 05 14:22:35.234846 2020] [php7:error] [pid 10428:tid 1924] [client ::1:58956] PHP Parse error:  syntax error, unexpected end of file in C:\\xampp\\htdocs\\demo\\server.php on line 43
[Sat Sep 05 14:22:35.356522 2020] [php7:error] [pid 10428:tid 1924] [client ::1:58956] PHP Parse error:  syntax error, unexpected end of file in C:\\xampp\\htdocs\\demo\\server.php on line 43
[Sat Sep 05 14:22:35.613089 2020] [php7:error] [pid 10428:tid 1924] [client ::1:58956] PHP Parse error:  syntax error, unexpected end of file in C:\\xampp\\htdocs\\demo\\server.php on line 43
[Sat Sep 05 14:22:35.710828 2020] [php7:error] [pid 10428:tid 1924] [client ::1:58956] PHP Parse error:  syntax error, unexpected end of file in C:\\xampp\\htdocs\\demo\\server.php on line 43
[Sat Sep 05 14:22:35.965150 2020] [php7:error] [pid 10428:tid 1924] [client ::1:58956] PHP Parse error:  syntax error, unexpected end of file in C:\\xampp\\htdocs\\demo\\server.php on line 43
[Sat Sep 05 14:22:36.156278 2020] [php7:error] [pid 10428:tid 1924] [client ::1:58956] PHP Parse error:  syntax error, unexpected end of file in C:\\xampp\\htdocs\\demo\\server.php on line 43
[Sat Sep 05 14:26:05.528534 2020] [php7:error] [pid 10428:tid 1924] [client ::1:59004] PHP Parse error:  syntax error, unexpected end of file in C:\\xampp\\htdocs\\demo\\server.php on line 43
[Sat Sep 05 14:26:28.921691 2020] [php7:error] [pid 10428:tid 1924] [client ::1:59007] PHP Parse error:  syntax error, unexpected end of file in C:\\xampp\\htdocs\\demo\\server.php on line 43
[Sat Sep 05 14:26:29.705751 2020] [php7:error] [pid 10428:tid 1924] [client ::1:59007] PHP Parse error:  syntax error, unexpected end of file in C:\\xampp\\htdocs\\demo\\server.php on line 43
[Sat Sep 05 14:26:34.128060 2020] [php7:error] [pid 10428:tid 1924] [client ::1:59012] PHP Parse error:  syntax error, unexpected end of file in C:\\xampp\\htdocs\\demo\\server.php on line 43
[Sat Sep 05 14:30:15.933721 2020] [php7:error] [pid 10428:tid 1924] [client ::1:59026] PHP Parse error:  syntax error, unexpected end of file in C:\\xampp\\htdocs\\demo\\server.php on line 43
[Sat Sep 05 14:30:16.792329 2020] [php7:error] [pid 10428:tid 1924] [client ::1:59026] PHP Parse error:  syntax error, unexpected end of file in C:\\xampp\\htdocs\\demo\\server.php on line 43
[Sat Sep 05 14:30:16.898512 2020] [php7:error] [pid 10428:tid 1924] [client ::1:59026] PHP Parse error:  syntax error, unexpected end of file in C:\\xampp\\htdocs\\demo\\server.php on line 43
[Sat Sep 05 14:30:17.147847 2020] [php7:error] [pid 10428:tid 1924] [client ::1:59026] PHP Parse error:  syntax error, unexpected end of file in C:\\xampp\\htdocs\\demo\\server.php on line 43
[Sat Sep 05 14:30:17.248576 2020] [php7:error] [pid 10428:tid 1924] [client ::1:59026] PHP Parse error:  syntax error, unexpected end of file in C:\\xampp\\htdocs\\demo\\server.php on line 43
[Sat Sep 05 14:30:17.503480 2020] [php7:error] [pid 10428:tid 1924] [client ::1:59026] PHP Parse error:  syntax error, unexpected end of file in C:\\xampp\\htdocs\\demo\\server.php on line 43
[Sat Sep 05 14:30:17.620167 2020] [php7:error] [pid 10428:tid 1924] [client ::1:59026] PHP Parse error:  syntax error, unexpected end of file in C:\\xampp\\htdocs\\demo\\server.php on line 43
[Sat Sep 05 14:30:17.867138 2020] [php7:error] [pid 10428:tid 1924] [client ::1:59026] PHP Parse error:  syntax error, unexpected end of file in C:\\xampp\\htdocs\\demo\\server.php on line 43
[Sat Sep 05 14:30:17.950880 2020] [php7:error] [pid 10428:tid 1924] [client ::1:59026] PHP Parse error:  syntax error, unexpected end of file in C:\\xampp\\htdocs\\demo\\server.php on line 43
[Sat Sep 05 14:30:18.226142 2020] [php7:error] [pid 10428:tid 1924] [client ::1:59026] PHP Parse error:  syntax error, unexpected end of file in C:\\xampp\\htdocs\\demo\\server.php on line 43
[Sat Sep 05 14:32:35.067967 2020] [php7:error] [pid 10428:tid 1928] [client ::1:59051] PHP Parse error:  syntax error, unexpected '}' in C:\\xampp\\htdocs\\demo\\server.php on line 19
[Sat Sep 05 14:32:37.619933 2020] [php7:error] [pid 10428:tid 1928] [client ::1:59051] PHP Parse error:  syntax error, unexpected '}' in C:\\xampp\\htdocs\\demo\\server.php on line 19
[Sat Sep 05 14:39:56.069857 2020] [php7:error] [pid 10428:tid 1928] [client ::1:59069] PHP Parse error:  syntax error, unexpected end of file in C:\\xampp\\htdocs\\demo\\server.php on line 43
[Sat Sep 05 14:43:36.216760 2020] [php7:error] [pid 10428:tid 1928] [client ::1:59168] PHP Parse error:  syntax error, unexpected '<' in C:\\xampp\\htdocs\\demo\\server.php on line 43
[Sat Sep 05 14:43:44.117991 2020] [php7:error] [pid 10428:tid 1928] [client ::1:59171] PHP Parse error:  syntax error, unexpected '?' in C:\\xampp\\htdocs\\demo\\server.php on line 43
[Sat Sep 05 14:43:51.691417 2020] [php7:error] [pid 10428:tid 1928] [client ::1:59175] PHP Parse error:  syntax error, unexpected '}' in C:\\xampp\\htdocs\\demo\\server.php on line 43
[Sat Sep 05 14:43:51.986278 2020] [php7:error] [pid 10428:tid 1928] [client ::1:59175] PHP Parse error:  syntax error, unexpected '}' in C:\\xampp\\htdocs\\demo\\server.php on line 43
[Sat Sep 05 14:43:59.667954 2020] [php7:error] [pid 10428:tid 1924] [client ::1:59176] PHP Parse error:  syntax error, unexpected '}' in C:\\xampp\\htdocs\\demo\\server.php on line 43
[Sat Sep 05 14:44:01.260881 2020] [php7:error] [pid 10428:tid 1924] [client ::1:59181] PHP Parse error:  syntax error, unexpected '}' in C:\\xampp\\htdocs\\demo\\server.php on line 43
[Sat Sep 05 14:44:07.045083 2020] [php7:error] [pid 10428:tid 1928] [client ::1:59182] PHP Parse error:  syntax error, unexpected end of file in C:\\xampp\\htdocs\\demo\\server.php on line 43
[Sat Sep 05 14:44:12.234734 2020] [php7:error] [pid 10428:tid 1928] [client ::1:59186] PHP Parse error:  syntax error, unexpected end of file in C:\\xampp\\htdocs\\demo\\server.php on line 43
[Sat Sep 05 14:44:12.342433 2020] [php7:error] [pid 10428:tid 1928] [client ::1:59186] PHP Parse error:  syntax error, unexpected end of file in C:\\xampp\\htdocs\\demo\\server.php on line 43
[Sat Sep 05 14:44:12.578838 2020] [php7:error] [pid 10428:tid 1928] [client ::1:59186] PHP Parse error:  syntax error, unexpected end of file in C:\\xampp\\htdocs\\demo\\server.php on line 43
[Sat Sep 05 17:15:06.081738 2020] [php7:error] [pid 10428:tid 1928] [client ::1:59634] PHP Parse error:  syntax error, unexpected end of file in C:\\xampp\\htdocs\\demo\\server.php on line 43
[Sat Sep 05 19:21:32.739497 2020] [php7:error] [pid 10428:tid 1928] [client ::1:60771] PHP Parse error:  syntax error, unexpected end of file in C:\\xampp\\htdocs\\demo\\server.php on line 43
[Sun Sep 06 03:39:51.326662 2020] [php7:error] [pid 10428:tid 1928] [client ::1:63424] PHP Parse error:  syntax error, unexpected '}' in C:\\xampp\\htdocs\\demo\\server.php on line 19
[Sun Sep 06 03:40:47.669002 2020] [php7:error] [pid 10428:tid 1928] [client ::1:63427] PHP Parse error:  syntax error, unexpected '}' in C:\\xampp\\htdocs\\demo\\server.php on line 19
[Sun Sep 06 03:40:48.766053 2020] [php7:error] [pid 10428:tid 1928] [client ::1:63430] PHP Parse error:  syntax error, unexpected '}' in C:\\xampp\\htdocs\\demo\\server.php on line 19
[Sun Sep 06 03:43:25.511350 2020] [php7:notice] [pid 10428:tid 1940] [client ::1:63442] PHP Notice:  Undefined index: username in C:\\xampp\\htdocs\\demo\\server.php on line 14
[Sun Sep 06 03:43:25.513345 2020] [php7:notice] [pid 10428:tid 1940] [client ::1:63442] PHP Notice:  Undefined index: email in C:\\xampp\\htdocs\\demo\\server.php on line 15
[Sun Sep 06 03:43:25.513345 2020] [php7:notice] [pid 10428:tid 1940] [client ::1:63442] PHP Notice:  Undefined index: password_1 in C:\\xampp\\htdocs\\demo\\server.php on line 16
[Sun Sep 06 03:43:25.514341 2020] [php7:notice] [pid 10428:tid 1940] [client ::1:63442] PHP Notice:  Undefined index: password_2 in C:\\xampp\\htdocs\\demo\\server.php on line 17
[Sun Sep 06 03:43:58.530345 2020] [php7:notice] [pid 10428:tid 1940] [client ::1:63450] PHP Notice:  Undefined index: username in C:\\xampp\\htdocs\\demo\\server.php on line 14, referer: http://localhost/demo/registration.php
[Sun Sep 06 03:45:44.060690 2020] [php7:notice] [pid 10428:tid 1940] [client ::1:63477] PHP Notice:  Undefined index: username in C:\\xampp\\htdocs\\demo\\server.php on line 14, referer: http://localhost/demo/registration.php
[Sun Sep 06 03:45:47.640502 2020] [php7:notice] [pid 10428:tid 1940] [client ::1:63477] PHP Notice:  Undefined index: username in C:\\xampp\\htdocs\\demo\\server.php on line 14, referer: http://localhost/demo/registration.php
[Sun Sep 06 03:45:53.490084 2020] [php7:notice] [pid 10428:tid 1940] [client ::1:63484] PHP Notice:  Undefined index: username in C:\\xampp\\htdocs\\demo\\server.php on line 14
[Sun Sep 06 03:45:53.491081 2020] [php7:notice] [pid 10428:tid 1940] [client ::1:63484] PHP Notice:  Undefined index: email in C:\\xampp\\htdocs\\demo\\server.php on line 15
[Sun Sep 06 03:45:53.492078 2020] [php7:notice] [pid 10428:tid 1940] [client ::1:63484] PHP Notice:  Undefined index: password_1 in C:\\xampp\\htdocs\\demo\\server.php on line 16
[Sun Sep 06 03:45:53.493075 2020] [php7:notice] [pid 10428:tid 1940] [client ::1:63484] PHP Notice:  Undefined index: password_2 in C:\\xampp\\htdocs\\demo\\server.php on line 17
[Sun Sep 06 03:48:08.476710 2020] [php7:notice] [pid 10428:tid 1940] [client ::1:63498] PHP Notice:  Undefined index: username in C:\\xampp\\htdocs\\demo\\server.php on line 14
[Sun Sep 06 03:48:08.477710 2020] [php7:notice] [pid 10428:tid 1940] [client ::1:63498] PHP Notice:  Undefined index: email in C:\\xampp\\htdocs\\demo\\server.php on line 15
[Sun Sep 06 03:48:08.478706 2020] [php7:notice] [pid 10428:tid 1940] [client ::1:63498] PHP Notice:  Undefined index: password_1 in C:\\xampp\\htdocs\\demo\\server.php on line 16
[Sun Sep 06 03:48:08.478706 2020] [php7:notice] [pid 10428:tid 1940] [client ::1:63498] PHP Notice:  Undefined index: password_2 in C:\\xampp\\htdocs\\demo\\server.php on line 17
[Sun Sep 06 03:48:09.983874 2020] [php7:notice] [pid 10428:tid 1940] [client ::1:63498] PHP Notice:  Undefined index: username in C:\\xampp\\htdocs\\demo\\server.php on line 14
[Sun Sep 06 03:48:09.984868 2020] [php7:notice] [pid 10428:tid 1940] [client ::1:63498] PHP Notice:  Undefined index: email in C:\\xampp\\htdocs\\demo\\server.php on line 15
[Sun Sep 06 03:48:09.984868 2020] [php7:notice] [pid 10428:tid 1940] [client ::1:63498] PHP Notice:  Undefined index: password_1 in C:\\xampp\\htdocs\\demo\\server.php on line 16
[Sun Sep 06 03:48:09.984868 2020] [php7:notice] [pid 10428:tid 1940] [client ::1:63498] PHP Notice:  Undefined index: password_2 in C:\\xampp\\htdocs\\demo\\server.php on line 17
[Sun Sep 06 03:48:10.154843 2020] [php7:notice] [pid 10428:tid 1940] [client ::1:63498] PHP Notice:  Undefined index: username in C:\\xampp\\htdocs\\demo\\server.php on line 14
[Sun Sep 06 03:48:10.154843 2020] [php7:notice] [pid 10428:tid 1940] [client ::1:63498] PHP Notice:  Undefined index: email in C:\\xampp\\htdocs\\demo\\server.php on line 15
[Sun Sep 06 03:48:10.154843 2020] [php7:notice] [pid 10428:tid 1940] [client ::1:63498] PHP Notice:  Undefined index: password_1 in C:\\xampp\\htdocs\\demo\\server.php on line 16
[Sun Sep 06 03:48:10.155835 2020] [php7:notice] [pid 10428:tid 1940] [client ::1:63498] PHP Notice:  Undefined index: password_2 in C:\\xampp\\htdocs\\demo\\server.php on line 17
[Sun Sep 06 03:48:13.528683 2020] [php7:notice] [pid 10428:tid 1940] [client ::1:63498] PHP Notice:  Undefined index: username in C:\\xampp\\htdocs\\demo\\server.php on line 14
[Sun Sep 06 03:48:13.529687 2020] [php7:notice] [pid 10428:tid 1940] [client ::1:63498] PHP Notice:  Undefined index: email in C:\\xampp\\htdocs\\demo\\server.php on line 15
[Sun Sep 06 03:48:13.530677 2020] [php7:notice] [pid 10428:tid 1940] [client ::1:63498] PHP Notice:  Undefined index: password_1 in C:\\xampp\\htdocs\\demo\\server.php on line 16
[Sun Sep 06 03:48:13.530677 2020] [php7:notice] [pid 10428:tid 1940] [client ::1:63498] PHP Notice:  Undefined index: password_2 in C:\\xampp\\htdocs\\demo\\server.php on line 17
[Sun Sep 06 03:48:15.867261 2020] [php7:notice] [pid 10428:tid 1940] [client ::1:63498] PHP Notice:  Undefined index: username in C:\\xampp\\htdocs\\demo\\server.php on line 14
[Sun Sep 06 03:48:15.870253 2020] [php7:notice] [pid 10428:tid 1940] [client ::1:63498] PHP Notice:  Undefined index: email in C:\\xampp\\htdocs\\demo\\server.php on line 15
[Sun Sep 06 03:48:15.873244 2020] [php7:notice] [pid 10428:tid 1940] [client ::1:63498] PHP Notice:  Undefined index: password_1 in C:\\xampp\\htdocs\\demo\\server.php on line 16
[Sun Sep 06 03:48:15.873244 2020] [php7:notice] [pid 10428:tid 1940] [client ::1:63498] PHP Notice:  Undefined index: password_2 in C:\\xampp\\htdocs\\demo\\server.php on line 17
[Sun Sep 06 03:48:18.857902 2020] [php7:notice] [pid 10428:tid 1940] [client ::1:63511] PHP Notice:  Undefined index: username in C:\\xampp\\htdocs\\demo\\server.php on line 14
[Sun Sep 06 03:48:18.858916 2020] [php7:notice] [pid 10428:tid 1940] [client ::1:63511] PHP Notice:  Undefined index: email in C:\\xampp\\htdocs\\demo\\server.php on line 15
[Sun Sep 06 03:48:18.858916 2020] [php7:notice] [pid 10428:tid 1940] [client ::1:63511] PHP Notice:  Undefined index: password_1 in C:\\xampp\\htdocs\\demo\\server.php on line 16
[Sun Sep 06 03:48:18.858916 2020] [php7:notice] [pid 10428:tid 1940] [client ::1:63511] PHP Notice:  Undefined index: password_2 in C:\\xampp\\htdocs\\demo\\server.php on line 17
[Sun Sep 06 03:48:18.971114 2020] [php7:notice] [pid 10428:tid 1940] [client ::1:63511] PHP Notice:  Undefined index: username in C:\\xampp\\htdocs\\demo\\server.php on line 14
[Sun Sep 06 03:48:18.972112 2020] [php7:notice] [pid 10428:tid 1940] [client ::1:63511] PHP Notice:  Undefined index: email in C:\\xampp\\htdocs\\demo\\server.php on line 15
[Sun Sep 06 03:48:18.973109 2020] [php7:notice] [pid 10428:tid 1940] [client ::1:63511] PHP Notice:  Undefined index: password_1 in C:\\xampp\\htdocs\\demo\\server.php on line 16
[Sun Sep 06 03:48:18.974106 2020] [php7:notice] [pid 10428:tid 1940] [client ::1:63511] PHP Notice:  Undefined index: password_2 in C:\\xampp\\htdocs\\demo\\server.php on line 17
[Sun Sep 06 03:48:19.210358 2020] [php7:notice] [pid 10428:tid 1940] [client ::1:63511] PHP Notice:  Undefined index: username in C:\\xampp\\htdocs\\demo\\server.php on line 14
[Sun Sep 06 03:48:19.211356 2020] [php7:notice] [pid 10428:tid 1940] [client ::1:63511] PHP Notice:  Undefined index: email in C:\\xampp\\htdocs\\demo\\server.php on line 15
[Sun Sep 06 03:48:19.212353 2020] [php7:notice] [pid 10428:tid 1940] [client ::1:63511] PHP Notice:  Undefined index: password_1 in C:\\xampp\\htdocs\\demo\\server.php on line 16
[Sun Sep 06 03:48:19.213352 2020] [php7:notice] [pid 10428:tid 1940] [client ::1:63511] PHP Notice:  Undefined index: password_2 in C:\\xampp\\htdocs\\demo\\server.php on line 17
[Sun Sep 06 03:49:02.589035 2020] [php7:error] [pid 10428:tid 1928] [client ::1:63519] PHP Parse error:  syntax error, unexpected ';', expecting ')' in C:\\xampp\\htdocs\\demo\\server.php on line 14
[Sun Sep 06 03:49:13.869439 2020] [php7:notice] [pid 10428:tid 1928] [client ::1:63522] PHP Notice:  Undefined index: username in C:\\xampp\\htdocs\\demo\\server.php on line 14
[Sun Sep 06 03:49:13.870427 2020] [php7:notice] [pid 10428:tid 1928] [client ::1:63522] PHP Notice:  Undefined index: email in C:\\xampp\\htdocs\\demo\\server.php on line 15
[Sun Sep 06 03:49:13.870427 2020] [php7:notice] [pid 10428:tid 1928] [client ::1:63522] PHP Notice:  Undefined index: password_1 in C:\\xampp\\htdocs\\demo\\server.php on line 16
[Sun Sep 06 03:49:13.870427 2020] [php7:notice] [pid 10428:tid 1928] [client ::1:63522] PHP Notice:  Undefined index: password_2 in C:\\xampp\\htdocs\\demo\\server.php on line 17
[Sun Sep 06 03:52:34.905040 2020] [php7:notice] [pid 10428:tid 1940] [client ::1:63528] PHP Notice:  Undefined index: username in C:\\xampp\\htdocs\\demo\\server.php on line 14
[Sun Sep 06 03:52:34.906039 2020] [php7:notice] [pid 10428:tid 1940] [client ::1:63528] PHP Notice:  Undefined index: email in C:\\xampp\\htdocs\\demo\\server.php on line 15
[Sun Sep 06 03:52:34.906039 2020] [php7:notice] [pid 10428:tid 1940] [client ::1:63528] PHP Notice:  Undefined index: password_1 in C:\\xampp\\htdocs\\demo\\server.php on line 16
[Sun Sep 06 03:52:34.907034 2020] [php7:notice] [pid 10428:tid 1940] [client ::1:63528] PHP Notice:  Undefined index: password_2 in C:\\xampp\\htdocs\\demo\\server.php on line 17
[Sun Sep 06 03:52:35.676406 2020] [php7:notice] [pid 10428:tid 1940] [client ::1:63528] PHP Notice:  Undefined index: username in C:\\xampp\\htdocs\\demo\\server.php on line 14
[Sun Sep 06 03:52:35.677421 2020] [php7:notice] [pid 10428:tid 1940] [client ::1:63528] PHP Notice:  Undefined index: email in C:\\xampp\\htdocs\\demo\\server.php on line 15
[Sun Sep 06 03:52:35.678403 2020] [php7:notice] [pid 10428:tid 1940] [client ::1:63528] PHP Notice:  Undefined index: password_1 in C:\\xampp\\htdocs\\demo\\server.php on line 16
[Sun Sep 06 03:52:35.678403 2020] [php7:notice] [pid 10428:tid 1940] [client ::1:63528] PHP Notice:  Undefined index: password_2 in C:\\xampp\\htdocs\\demo\\server.php on line 17
[Sun Sep 06 03:52:35.792102 2020] [php7:notice] [pid 10428:tid 1940] [client ::1:63528] PHP Notice:  Undefined index: username in C:\\xampp\\htdocs\\demo\\server.php on line 14
[Sun Sep 06 03:52:35.793093 2020] [php7:notice] [pid 10428:tid 1940] [client ::1:63528] PHP Notice:  Undefined index: email in C:\\xampp\\htdocs\\demo\\server.php on line 15
[Sun Sep 06 03:52:35.793093 2020] [php7:notice] [pid 10428:tid 1940] [client ::1:63528] PHP Notice:  Undefined index: password_1 in C:\\xampp\\htdocs\\demo\\server.php on line 16
[Sun Sep 06 03:52:35.793093 2020] [php7:notice] [pid 10428:tid 1940] [client ::1:63528] PHP Notice:  Undefined index: password_2 in C:\\xampp\\htdocs\\demo\\server.php on line 17
[Sun Sep 06 03:52:36.036770 2020] [php7:notice] [pid 10428:tid 1940] [client ::1:63528] PHP Notice:  Undefined index: username in C:\\xampp\\htdocs\\demo\\server.php on line 14
[Sun Sep 06 03:52:36.037768 2020] [php7:notice] [pid 10428:tid 1940] [client ::1:63528] PHP Notice:  Undefined index: email in C:\\xampp\\htdocs\\demo\\server.php on line 15
[Sun Sep 06 03:52:36.038764 2020] [php7:notice] [pid 10428:tid 1940] [client ::1:63528] PHP Notice:  Undefined index: password_1 in C:\\xampp\\htdocs\\demo\\server.php on line 16
[Sun Sep 06 03:52:36.039779 2020] [php7:notice] [pid 10428:tid 1940] [client ::1:63528] PHP Notice:  Undefined index: password_2 in C:\\xampp\\htdocs\\demo\\server.php on line 17
[Sun Sep 06 03:52:36.210640 2020] [php7:notice] [pid 10428:tid 1940] [client ::1:63528] PHP Notice:  Undefined index: username in C:\\xampp\\htdocs\\demo\\server.php on line 14
[Sun Sep 06 03:52:36.210640 2020] [php7:notice] [pid 10428:tid 1940] [client ::1:63528] PHP Notice:  Undefined index: email in C:\\xampp\\htdocs\\demo\\server.php on line 15
[Sun Sep 06 03:52:36.210640 2020] [php7:notice] [pid 10428:tid 1940] [client ::1:63528] PHP Notice:  Undefined index: password_1 in C:\\xampp\\htdocs\\demo\\server.php on line 16
[Sun Sep 06 03:52:36.211658 2020] [php7:notice] [pid 10428:tid 1940] [client ::1:63528] PHP Notice:  Undefined index: password_2 in C:\\xampp\\htdocs\\demo\\server.php on line 17
[Sun Sep 06 03:57:06.395696 2020] [php7:notice] [pid 10428:tid 1940] [client ::1:63545] PHP Notice:  Undefined index: username in C:\\xampp\\htdocs\\demo\\server.php on line 14
[Sun Sep 06 03:57:06.395696 2020] [php7:notice] [pid 10428:tid 1940] [client ::1:63545] PHP Notice:  Undefined index: email in C:\\xampp\\htdocs\\demo\\server.php on line 15
[Sun Sep 06 03:57:06.396694 2020] [php7:notice] [pid 10428:tid 1940] [client ::1:63545] PHP Notice:  Undefined index: password_1 in C:\\xampp\\htdocs\\demo\\server.php on line 16
[Sun Sep 06 03:57:06.396694 2020] [php7:notice] [pid 10428:tid 1940] [client ::1:63545] PHP Notice:  Undefined index: password_2 in C:\\xampp\\htdocs\\demo\\server.php on line 17
[Sun Sep 06 03:57:09.392484 2020] [php7:notice] [pid 10428:tid 1940] [client ::1:63549] PHP Notice:  Undefined index: username in C:\\xampp\\htdocs\\demo\\server.php on line 14
[Sun Sep 06 03:57:09.392484 2020] [php7:notice] [pid 10428:tid 1940] [client ::1:63549] PHP Notice:  Undefined index: email in C:\\xampp\\htdocs\\demo\\server.php on line 15
[Sun Sep 06 03:57:09.392484 2020] [php7:notice] [pid 10428:tid 1940] [client ::1:63549] PHP Notice:  Undefined index: password_1 in C:\\xampp\\htdocs\\demo\\server.php on line 16
[Sun Sep 06 03:57:09.393480 2020] [php7:notice] [pid 10428:tid 1940] [client ::1:63549] PHP Notice:  Undefined index: password_2 in C:\\xampp\\htdocs\\demo\\server.php on line 17
[Sun Sep 06 03:57:10.156411 2020] [php7:notice] [pid 10428:tid 1940] [client ::1:63549] PHP Notice:  Undefined index: username in C:\\xampp\\htdocs\\demo\\server.php on line 14
[Sun Sep 06 03:57:10.157408 2020] [php7:notice] [pid 10428:tid 1940] [client ::1:63549] PHP Notice:  Undefined index: email in C:\\xampp\\htdocs\\demo\\server.php on line 15
[Sun Sep 06 03:57:10.157408 2020] [php7:notice] [pid 10428:tid 1940] [client ::1:63549] PHP Notice:  Undefined index: password_1 in C:\\xampp\\htdocs\\demo\\server.php on line 16
[Sun Sep 06 03:57:10.158405 2020] [php7:notice] [pid 10428:tid 1940] [client ::1:63549] PHP Notice:  Undefined index: password_2 in C:\\xampp\\htdocs\\demo\\server.php on line 17
[Sun Sep 06 04:00:07.483993 2020] [php7:notice] [pid 10428:tid 1928] [client ::1:63570] PHP Notice:  Undefined index: username in C:\\xampp\\htdocs\\demo\\server.php on line 14
[Sun Sep 06 04:00:07.484991 2020] [php7:notice] [pid 10428:tid 1928] [client ::1:63570] PHP Notice:  Undefined index: email in C:\\xampp\\htdocs\\demo\\server.php on line 15
[Sun Sep 06 04:00:07.484991 2020] [php7:notice] [pid 10428:tid 1928] [client ::1:63570] PHP Notice:  Undefined index: password_1 in C:\\xampp\\htdocs\\demo\\server.php on line 16
[Sun Sep 06 04:00:07.484991 2020] [php7:notice] [pid 10428:tid 1928] [client ::1:63570] PHP Notice:  Undefined index: password_2 in C:\\xampp\\htdocs\\demo\\server.php on line 17
[Sun Sep 06 04:00:08.407586 2020] [php7:notice] [pid 10428:tid 1928] [client ::1:63570] PHP Notice:  Undefined index: username in C:\\xampp\\htdocs\\demo\\server.php on line 14
[Sun Sep 06 04:00:08.407586 2020] [php7:notice] [pid 10428:tid 1928] [client ::1:63570] PHP Notice:  Undefined index: email in C:\\xampp\\htdocs\\demo\\server.php on line 15
[Sun Sep 06 04:00:08.408583 2020] [php7:notice] [pid 10428:tid 1928] [client ::1:63570] PHP Notice:  Undefined index: password_1 in C:\\xampp\\htdocs\\demo\\server.php on line 16
[Sun Sep 06 04:00:08.408583 2020] [php7:notice] [pid 10428:tid 1928] [client ::1:63570] PHP Notice:  Undefined index: password_2 in C:\\xampp\\htdocs\\demo\\server.php on line 17
[Sun Sep 06 04:00:08.521281 2020] [php7:notice] [pid 10428:tid 1928] [client ::1:63570] PHP Notice:  Undefined index: username in C:\\xampp\\htdocs\\demo\\server.php on line 14
[Sun Sep 06 04:00:08.521281 2020] [php7:notice] [pid 10428:tid 1928] [client ::1:63570] PHP Notice:  Undefined index: email in C:\\xampp\\htdocs\\demo\\server.php on line 15
[Sun Sep 06 04:00:08.522278 2020] [php7:notice] [pid 10428:tid 1928] [client ::1:63570] PHP Notice:  Undefined index: password_1 in C:\\xampp\\htdocs\\demo\\server.php on line 16
[Sun Sep 06 04:00:08.522278 2020] [php7:notice] [pid 10428:tid 1928] [client ::1:63570] PHP Notice:  Undefined index: password_2 in C:\\xampp\\htdocs\\demo\\server.php on line 17
[Sun Sep 06 04:00:08.758497 2020] [php7:notice] [pid 10428:tid 1928] [client ::1:63570] PHP Notice:  Undefined index: username in C:\\xampp\\htdocs\\demo\\server.php on line 14
[Sun Sep 06 04:00:08.759493 2020] [php7:notice] [pid 10428:tid 1928] [client ::1:63570] PHP Notice:  Undefined index: email in C:\\xampp\\htdocs\\demo\\server.php on line 15
[Sun Sep 06 04:00:08.759493 2020] [php7:notice] [pid 10428:tid 1928] [client ::1:63570] PHP Notice:  Undefined index: password_1 in C:\\xampp\\htdocs\\demo\\server.php on line 16
[Sun Sep 06 04:00:08.759493 2020] [php7:notice] [pid 10428:tid 1928] [client ::1:63570] PHP Notice:  Undefined index: password_2 in C:\\xampp\\htdocs\\demo\\server.php on line 17
[Sun Sep 06 04:00:08.945334 2020] [php7:notice] [pid 10428:tid 1928] [client ::1:63570] PHP Notice:  Undefined index: username in C:\\xampp\\htdocs\\demo\\server.php on line 14
[Sun Sep 06 04:00:08.946331 2020] [php7:notice] [pid 10428:tid 1928] [client ::1:63570] PHP Notice:  Undefined index: email in C:\\xampp\\htdocs\\demo\\server.php on line 15
[Sun Sep 06 04:00:08.947338 2020] [php7:notice] [pid 10428:tid 1928] [client ::1:63570] PHP Notice:  Undefined index: password_1 in C:\\xampp\\htdocs\\demo\\server.php on line 16
[Sun Sep 06 04:00:08.948324 2020] [php7:notice] [pid 10428:tid 1928] [client ::1:63570] PHP Notice:  Undefined index: password_2 in C:\\xampp\\htdocs\\demo\\server.php on line 17
[Sun Sep 06 04:00:11.073302 2020] [php7:notice] [pid 10428:tid 1928] [client ::1:63570] PHP Notice:  Undefined index: username in C:\\xampp\\htdocs\\demo\\server.php on line 14
[Sun Sep 06 04:00:11.074350 2020] [php7:notice] [pid 10428:tid 1928] [client ::1:63570] PHP Notice:  Undefined index: email in C:\\xampp\\htdocs\\demo\\server.php on line 15
[Sun Sep 06 04:00:11.077300 2020] [php7:notice] [pid 10428:tid 1928] [client ::1:63570] PHP Notice:  Undefined index: password_1 in C:\\xampp\\htdocs\\demo\\server.php on line 16
[Sun Sep 06 04:00:11.078287 2020] [php7:notice] [pid 10428:tid 1928] [client ::1:63570] PHP Notice:  Undefined index: password_2 in C:\\xampp\\htdocs\\demo\\server.php on line 17
[Sun Sep 06 04:01:21.362557 2020] [php7:notice] [pid 10428:tid 1940] [client ::1:63591] PHP Notice:  Undefined index: username in C:\\xampp\\htdocs\\demo\\server.php on line 14
[Sun Sep 06 04:01:21.363550 2020] [php7:notice] [pid 10428:tid 1940] [client ::1:63591] PHP Notice:  Undefined index: email in C:\\xampp\\htdocs\\demo\\server.php on line 15
[Sun Sep 06 04:01:21.366539 2020] [php7:notice] [pid 10428:tid 1940] [client ::1:63591] PHP Notice:  Undefined index: password_1 in C:\\xampp\\htdocs\\demo\\server.php on line 16
[Sun Sep 06 04:01:21.366539 2020] [php7:notice] [pid 10428:tid 1940] [client ::1:63591] PHP Notice:  Undefined index: password_2 in C:\\xampp\\htdocs\\demo\\server.php on line 17
[Sun Sep 06 04:01:24.068985 2020] [php7:notice] [pid 10428:tid 1940] [client ::1:63591] PHP Notice:  Undefined index: username in C:\\xampp\\htdocs\\demo\\server.php on line 14
[Sun Sep 06 04:01:24.068985 2020] [php7:notice] [pid 10428:tid 1940] [client ::1:63591] PHP Notice:  Undefined index: email in C:\\xampp\\htdocs\\demo\\server.php on line 15
[Sun Sep 06 04:01:24.069986 2020] [php7:notice] [pid 10428:tid 1940] [client ::1:63591] PHP Notice:  Undefined index: password_1 in C:\\xampp\\htdocs\\demo\\server.php on line 16
[Sun Sep 06 04:01:24.069986 2020] [php7:notice] [pid 10428:tid 1940] [client ::1:63591] PHP Notice:  Undefined index: password_2 in C:\\xampp\\htdocs\\demo\\server.php on line 17
[Sun Sep 06 04:01:24.199159 2020] [php7:notice] [pid 10428:tid 1940] [client ::1:63591] PHP Notice:  Undefined index: username in C:\\xampp\\htdocs\\demo\\server.php on line 14
[Sun Sep 06 04:01:24.199159 2020] [php7:notice] [pid 10428:tid 1940] [client ::1:63591] PHP Notice:  Undefined index: email in C:\\xampp\\htdocs\\demo\\server.php on line 15
[Sun Sep 06 04:01:24.200156 2020] [php7:notice] [pid 10428:tid 1940] [client ::1:63591] PHP Notice:  Undefined index: password_1 in C:\\xampp\\htdocs\\demo\\server.php on line 16
[Sun Sep 06 04:01:24.200156 2020] [php7:notice] [pid 10428:tid 1940] [client ::1:63591] PHP Notice:  Undefined index: password_2 in C:\\xampp\\htdocs\\demo\\server.php on line 17
[Sun Sep 06 04:01:24.444502 2020] [php7:notice] [pid 10428:tid 1940] [client ::1:63591] PHP Notice:  Undefined index: username in C:\\xampp\\htdocs\\demo\\server.php on line 14
[Sun Sep 06 04:01:24.444502 2020] [php7:notice] [pid 10428:tid 1940] [client ::1:63591] PHP Notice:  Undefined index: email in C:\\xampp\\htdocs\\demo\\server.php on line 15
[Sun Sep 06 04:01:24.445500 2020] [php7:notice] [pid 10428:tid 1940] [client ::1:63591] PHP Notice:  Undefined index: password_1 in C:\\xampp\\htdocs\\demo\\server.php on line 16
[Sun Sep 06 04:01:24.446497 2020] [php7:notice] [pid 10428:tid 1940] [client ::1:63591] PHP Notice:  Undefined index: password_2 in C:\\xampp\\htdocs\\demo\\server.php on line 17
[Sun Sep 06 04:01:24.616046 2020] [php7:notice] [pid 10428:tid 1940] [client ::1:63591] PHP Notice:  Undefined index: username in C:\\xampp\\htdocs\\demo\\server.php on line 14
[Sun Sep 06 04:01:24.617042 2020] [php7:notice] [pid 10428:tid 1940] [client ::1:63591] PHP Notice:  Undefined index: email in C:\\xampp\\htdocs\\demo\\server.php on line 15
[Sun Sep 06 04:01:24.618054 2020] [php7:notice] [pid 10428:tid 1940] [client ::1:63591] PHP Notice:  Undefined index: password_1 in C:\\xampp\\htdocs\\demo\\server.php on line 16
[Sun Sep 06 04:01:24.618054 2020] [php7:notice] [pid 10428:tid 1940] [client ::1:63591] PHP Notice:  Undefined index: password_2 in C:\\xampp\\htdocs\\demo\\server.php on line 17
[Sun Sep 06 04:02:13.269023 2020] [php7:notice] [pid 10428:tid 1940] [client ::1:63608] PHP Notice:  Undefined index: username in C:\\xampp\\htdocs\\demo\\server.php on line 14, referer: http://localhost/demo/registration.php
[Sun Sep 06 04:02:13.269023 2020] [php7:notice] [pid 10428:tid 1940] [client ::1:63608] PHP Notice:  Undefined index: email in C:\\xampp\\htdocs\\demo\\server.php on line 15, referer: http://localhost/demo/registration.php
[Sun Sep 06 04:02:13.269023 2020] [php7:notice] [pid 10428:tid 1940] [client ::1:63608] PHP Notice:  Undefined index: password_1 in C:\\xampp\\htdocs\\demo\\server.php on line 16, referer: http://localhost/demo/registration.php
[Sun Sep 06 04:02:13.270025 2020] [php7:notice] [pid 10428:tid 1940] [client ::1:63608] PHP Notice:  Undefined index: password_2 in C:\\xampp\\htdocs\\demo\\server.php on line 17, referer: http://localhost/demo/registration.php
[Sun Sep 06 04:02:15.325988 2020] [php7:notice] [pid 10428:tid 1940] [client ::1:63608] PHP Notice:  Undefined index: username in C:\\xampp\\htdocs\\demo\\server.php on line 14, referer: http://localhost/demo/login.php
[Sun Sep 06 04:02:15.326981 2020] [php7:notice] [pid 10428:tid 1940] [client ::1:63608] PHP Notice:  Undefined index: email in C:\\xampp\\htdocs\\demo\\server.php on line 15, referer: http://localhost/demo/login.php
[Sun Sep 06 04:02:15.327981 2020] [php7:notice] [pid 10428:tid 1940] [client ::1:63608] PHP Notice:  Undefined index: password_1 in C:\\xampp\\htdocs\\demo\\server.php on line 16, referer: http://localhost/demo/login.php
[Sun Sep 06 04:02:15.329056 2020] [php7:notice] [pid 10428:tid 1940] [client ::1:63608] PHP Notice:  Undefined index: password_2 in C:\\xampp\\htdocs\\demo\\server.php on line 17, referer: http://localhost/demo/login.php
[Sun Sep 06 04:03:17.201376 2020] [php7:notice] [pid 10428:tid 1940] [client ::1:63617] PHP Notice:  Undefined index: username in C:\\xampp\\htdocs\\demo\\server.php on line 14, referer: http://localhost/demo/login.php
[Sun Sep 06 04:03:17.202376 2020] [php7:notice] [pid 10428:tid 1940] [client ::1:63617] PHP Notice:  Undefined index: email in C:\\xampp\\htdocs\\demo\\server.php on line 15, referer: http://localhost/demo/login.php
[Sun Sep 06 04:03:17.202376 2020] [php7:notice] [pid 10428:tid 1940] [client ::1:63617] PHP Notice:  Undefined index: password_1 in C:\\xampp\\htdocs\\demo\\server.php on line 16, referer: http://localhost/demo/login.php
[Sun Sep 06 04:03:17.202376 2020] [php7:notice] [pid 10428:tid 1940] [client ::1:63617] PHP Notice:  Undefined index: password_2 in C:\\xampp\\htdocs\\demo\\server.php on line 17, referer: http://localhost/demo/login.php
[Sun Sep 06 04:03:18.001932 2020] [php7:notice] [pid 10428:tid 1940] [client ::1:63617] PHP Notice:  Undefined index: username in C:\\xampp\\htdocs\\demo\\server.php on line 14, referer: http://localhost/demo/login.php
[Sun Sep 06 04:03:18.001932 2020] [php7:notice] [pid 10428:tid 1940] [client ::1:63617] PHP Notice:  Undefined index: email in C:\\xampp\\htdocs\\demo\\server.php on line 15, referer: http://localhost/demo/login.php
[Sun Sep 06 04:03:18.001932 2020] [php7:notice] [pid 10428:tid 1940] [client ::1:63617] PHP Notice:  Undefined index: password_1 in C:\\xampp\\htdocs\\demo\\server.php on line 16, referer: http://localhost/demo/login.php
[Sun Sep 06 04:03:18.002961 2020] [php7:notice] [pid 10428:tid 1940] [client ::1:63617] PHP Notice:  Undefined index: password_2 in C:\\xampp\\htdocs\\demo\\server.php on line 17, referer: http://localhost/demo/login.php
[Sun Sep 06 04:03:18.118632 2020] [php7:notice] [pid 10428:tid 1940] [client ::1:63617] PHP Notice:  Undefined index: username in C:\\xampp\\htdocs\\demo\\server.php on line 14, referer: http://localhost/demo/login.php
[Sun Sep 06 04:03:18.119619 2020] [php7:notice] [pid 10428:tid 1940] [client ::1:63617] PHP Notice:  Undefined index: email in C:\\xampp\\htdocs\\demo\\server.php on line 15, referer: http://localhost/demo/login.php
[Sun Sep 06 04:03:18.119619 2020] [php7:notice] [pid 10428:tid 1940] [client ::1:63617] PHP Notice:  Undefined index: password_1 in C:\\xampp\\htdocs\\demo\\server.php on line 16, referer: http://localhost/demo/login.php
[Sun Sep 06 04:03:18.120614 2020] [php7:notice] [pid 10428:tid 1940] [client ::1:63617] PHP Notice:  Undefined index: password_2 in C:\\xampp\\htdocs\\demo\\server.php on line 17, referer: http://localhost/demo/login.php
[Sun Sep 06 04:03:18.381869 2020] [php7:notice] [pid 10428:tid 1940] [client ::1:63617] PHP Notice:  Undefined index: username in C:\\xampp\\htdocs\\demo\\server.php on line 14, referer: http://localhost/demo/login.php
[Sun Sep 06 04:03:18.382868 2020] [php7:notice] [pid 10428:tid 1940] [client ::1:63617] PHP Notice:  Undefined index: email in C:\\xampp\\htdocs\\demo\\server.php on line 15, referer: http://localhost/demo/login.php
[Sun Sep 06 04:03:18.384878 2020] [php7:notice] [pid 10428:tid 1940] [client ::1:63617] PHP Notice:  Undefined index: password_1 in C:\\xampp\\htdocs\\demo\\server.php on line 16, referer: http://localhost/demo/login.php
[Sun Sep 06 04:03:18.385858 2020] [php7:notice] [pid 10428:tid 1940] [client ::1:63617] PHP Notice:  Undefined index: password_2 in C:\\xampp\\htdocs\\demo\\server.php on line 17, referer: http://localhost/demo/login.php
[Sun Sep 06 04:03:22.063935 2020] [php7:notice] [pid 10428:tid 1940] [client ::1:63629] PHP Notice:  Undefined index: username in C:\\xampp\\htdocs\\demo\\server.php on line 14
[Sun Sep 06 04:03:22.065939 2020] [php7:notice] [pid 10428:tid 1940] [client ::1:63629] PHP Notice:  Undefined index: email in C:\\xampp\\htdocs\\demo\\server.php on line 15
[Sun Sep 06 04:03:22.066917 2020] [php7:notice] [pid 10428:tid 1940] [client ::1:63629] PHP Notice:  Undefined index: password_1 in C:\\xampp\\htdocs\\demo\\server.php on line 16
[Sun Sep 06 04:03:22.066917 2020] [php7:notice] [pid 10428:tid 1940] [client ::1:63629] PHP Notice:  Undefined index: password_2 in C:\\xampp\\htdocs\\demo\\server.php on line 17
[Sun Sep 06 04:04:08.822566 2020] [php7:notice] [pid 10428:tid 1940] [client ::1:63635] PHP Notice:  Undefined index: username in C:\\xampp\\htdocs\\demo\\server.php on line 14
[Sun Sep 06 04:04:08.823564 2020] [php7:notice] [pid 10428:tid 1940] [client ::1:63635] PHP Notice:  Undefined index: email in C:\\xampp\\htdocs\\demo\\server.php on line 15
[Sun Sep 06 04:04:08.824617 2020] [php7:notice] [pid 10428:tid 1940] [client ::1:63635] PHP Notice:  Undefined index: password_1 in C:\\xampp\\htdocs\\demo\\server.php on line 16
[Sun Sep 06 04:04:08.824617 2020] [php7:notice] [pid 10428:tid 1940] [client ::1:63635] PHP Notice:  Undefined index: password_2 in C:\\xampp\\htdocs\\demo\\server.php on line 17
[Sun Sep 06 04:04:58.454105 2020] [php7:notice] [pid 10428:tid 1928] [client ::1:63639] PHP Notice:  Undefined index: username in C:\\xampp\\htdocs\\demo\\server.php on line 14
[Sun Sep 06 04:04:58.454105 2020] [php7:notice] [pid 10428:tid 1928] [client ::1:63639] PHP Notice:  Undefined index: email in C:\\xampp\\htdocs\\demo\\server.php on line 15
[Sun Sep 06 04:04:58.455101 2020] [php7:notice] [pid 10428:tid 1928] [client ::1:63639] PHP Notice:  Undefined index: password_1 in C:\\xampp\\htdocs\\demo\\server.php on line 16
[Sun Sep 06 04:04:58.456100 2020] [php7:notice] [pid 10428:tid 1928] [client ::1:63639] PHP Notice:  Undefined index: password_2 in C:\\xampp\\htdocs\\demo\\server.php on line 17
[Sun Sep 06 04:04:59.241681 2020] [php7:notice] [pid 10428:tid 1928] [client ::1:63642] PHP Notice:  Undefined index: username in C:\\xampp\\htdocs\\demo\\server.php on line 14
[Sun Sep 06 04:04:59.241681 2020] [php7:notice] [pid 10428:tid 1928] [client ::1:63642] PHP Notice:  Undefined index: email in C:\\xampp\\htdocs\\demo\\server.php on line 15
[Sun Sep 06 04:04:59.242679 2020] [php7:notice] [pid 10428:tid 1928] [client ::1:63642] PHP Notice:  Undefined index: password_1 in C:\\xampp\\htdocs\\demo\\server.php on line 16
[Sun Sep 06 04:04:59.242679 2020] [php7:notice] [pid 10428:tid 1928] [client ::1:63642] PHP Notice:  Undefined index: password_2 in C:\\xampp\\htdocs\\demo\\server.php on line 17
[Sun Sep 06 04:04:59.345404 2020] [php7:notice] [pid 10428:tid 1928] [client ::1:63642] PHP Notice:  Undefined index: username in C:\\xampp\\htdocs\\demo\\server.php on line 14
[Sun Sep 06 04:04:59.346403 2020] [php7:notice] [pid 10428:tid 1928] [client ::1:63642] PHP Notice:  Undefined index: email in C:\\xampp\\htdocs\\demo\\server.php on line 15
[Sun Sep 06 04:04:59.347399 2020] [php7:notice] [pid 10428:tid 1928] [client ::1:63642] PHP Notice:  Undefined index: password_1 in C:\\xampp\\htdocs\\demo\\server.php on line 16
[Sun Sep 06 04:04:59.349395 2020] [php7:notice] [pid 10428:tid 1928] [client ::1:63642] PHP Notice:  Undefined index: password_2 in C:\\xampp\\htdocs\\demo\\server.php on line 17
[Sun Sep 06 04:04:59.596733 2020] [php7:notice] [pid 10428:tid 1928] [client ::1:63642] PHP Notice:  Undefined index: username in C:\\xampp\\htdocs\\demo\\server.php on line 14
[Sun Sep 06 04:04:59.597743 2020] [php7:notice] [pid 10428:tid 1928] [client ::1:63642] PHP Notice:  Undefined index: email in C:\\xampp\\htdocs\\demo\\server.php on line 15
[Sun Sep 06 04:04:59.597743 2020] [php7:notice] [pid 10428:tid 1928] [client ::1:63642] PHP Notice:  Undefined index: password_1 in C:\\xampp\\htdocs\\demo\\server.php on line 16
[Sun Sep 06 04:04:59.598731 2020] [php7:notice] [pid 10428:tid 1928] [client ::1:63642] PHP Notice:  Undefined index: password_2 in C:\\xampp\\htdocs\\demo\\server.php on line 17
[Sun Sep 06 04:05:47.030730 2020] [php7:notice] [pid 10428:tid 1940] [client ::1:63651] PHP Notice:  Undefined index: username in C:\\xampp\\htdocs\\demo\\server.php on line 14
[Sun Sep 06 04:05:47.031729 2020] [php7:notice] [pid 10428:tid 1940] [client ::1:63651] PHP Notice:  Undefined index: email in C:\\xampp\\htdocs\\demo\\server.php on line 15
[Sun Sep 06 04:05:47.031729 2020] [php7:notice] [pid 10428:tid 1940] [client ::1:63651] PHP Notice:  Undefined index: password_1 in C:\\xampp\\htdocs\\demo\\server.php on line 16
[Sun Sep 06 04:05:47.032724 2020] [php7:notice] [pid 10428:tid 1940] [client ::1:63651] PHP Notice:  Undefined index: password_2 in C:\\xampp\\htdocs\\demo\\server.php on line 17
[Sun Sep 06 04:05:47.712500 2020] [php7:notice] [pid 10428:tid 1940] [client ::1:63651] PHP Notice:  Undefined index: username in C:\\xampp\\htdocs\\demo\\server.php on line 14
[Sun Sep 06 04:05:47.712500 2020] [php7:notice] [pid 10428:tid 1940] [client ::1:63651] PHP Notice:  Undefined index: email in C:\\xampp\\htdocs\\demo\\server.php on line 15
[Sun Sep 06 04:05:47.712500 2020] [php7:notice] [pid 10428:tid 1940] [client ::1:63651] PHP Notice:  Undefined index: password_1 in C:\\xampp\\htdocs\\demo\\server.php on line 16
[Sun Sep 06 04:05:47.713495 2020] [php7:notice] [pid 10428:tid 1940] [client ::1:63651] PHP Notice:  Undefined index: password_2 in C:\\xampp\\htdocs\\demo\\server.php on line 17
[Sun Sep 06 04:05:47.923306 2020] [php7:notice] [pid 10428:tid 1940] [client ::1:63651] PHP Notice:  Undefined index: username in C:\\xampp\\htdocs\\demo\\server.php on line 14
[Sun Sep 06 04:05:47.924318 2020] [php7:notice] [pid 10428:tid 1940] [client ::1:63651] PHP Notice:  Undefined index: email in C:\\xampp\\htdocs\\demo\\server.php on line 15
[Sun Sep 06 04:05:47.925300 2020] [php7:notice] [pid 10428:tid 1940] [client ::1:63651] PHP Notice:  Undefined index: password_1 in C:\\xampp\\htdocs\\demo\\server.php on line 16
[Sun Sep 06 04:05:47.925300 2020] [php7:notice] [pid 10428:tid 1940] [client ::1:63651] PHP Notice:  Undefined index: password_2 in C:\\xampp\\htdocs\\demo\\server.php on line 17
[Sun Sep 06 04:06:42.187244 2020] [php7:notice] [pid 10428:tid 1940] [client ::1:63672] PHP Notice:  Undefined index: username in C:\\xampp\\htdocs\\demo\\server.php on line 14
[Sun Sep 06 04:06:42.188248 2020] [php7:notice] [pid 10428:tid 1940] [client ::1:63672] PHP Notice:  Undefined index: email in C:\\xampp\\htdocs\\demo\\server.php on line 15
[Sun Sep 06 04:06:42.188248 2020] [php7:notice] [pid 10428:tid 1940] [client ::1:63672] PHP Notice:  Undefined index: password_1 in C:\\xampp\\htdocs\\demo\\server.php on line 16
[Sun Sep 06 04:06:42.188248 2020] [php7:notice] [pid 10428:tid 1940] [client ::1:63672] PHP Notice:  Undefined index: password_2 in C:\\xampp\\htdocs\\demo\\server.php on line 17
[Sun Sep 06 04:18:36.488512 2020] [php7:notice] [pid 10428:tid 1928] [client ::1:63793] PHP Notice:  Undefined variable: password_1 in C:\\xampp\\htdocs\\demo\\server.php on line 36
[Sun Sep 06 04:20:20.323784 2020] [php7:error] [pid 10428:tid 1928] [client ::1:63808] PHP Parse error:  syntax error, unexpected '{', expecting ')' in C:\\xampp\\htdocs\\demo\\server.php on line 14
[Sun Sep 06 04:20:42.328271 2020] [php7:error] [pid 10428:tid 1928] [client ::1:63811] PHP Parse error:  syntax error, unexpected '{' in C:\\xampp\\htdocs\\demo\\server.php on line 14
[Sun Sep 06 04:40:40.217723 2020] [php7:notice] [pid 10428:tid 1932] [client ::1:63965] PHP Notice:  Undefined variable: password_1 in C:\\xampp\\htdocs\\demo\\server.php on line 36
[Sun Sep 06 04:44:21.070206 2020] [php7:notice] [pid 10428:tid 1932] [client ::1:64005] PHP Notice:  Undefined variable: password_1 in C:\\xampp\\htdocs\\demo\\server.php on line 37
[Sun Sep 06 04:44:37.891302 2020] [php7:notice] [pid 10428:tid 1932] [client ::1:64016] PHP Notice:  Undefined variable: password_1 in C:\\xampp\\htdocs\\demo\\server.php on line 37
[Sun Sep 06 04:44:50.595569 2020] [php7:notice] [pid 10428:tid 1920] [client ::1:64021] PHP Notice:  Undefined variable: password_1 in C:\\xampp\\htdocs\\demo\\server.php on line 37
[Sun Sep 06 04:45:07.700604 2020] [php7:notice] [pid 10428:tid 1932] [client ::1:64055] PHP Notice:  Undefined variable: password_1 in C:\\xampp\\htdocs\\demo\\server.php on line 37
[Sun Sep 06 04:46:25.899347 2020] [php7:notice] [pid 10428:tid 1920] [client ::1:64094] PHP Notice:  Undefined variable: password_1 in C:\\xampp\\htdocs\\demo\\server.php on line 38
[Sun Sep 06 04:46:43.050508 2020] [php7:notice] [pid 10428:tid 1920] [client ::1:64103] PHP Notice:  Undefined variable: password_1 in C:\\xampp\\htdocs\\demo\\server.php on line 38
[Sun Sep 06 04:51:20.750188 2020] [php7:notice] [pid 10428:tid 1920] [client ::1:64144] PHP Notice:  Undefined variable: password_1 in C:\\xampp\\htdocs\\demo\\server.php on line 38
[Tue Sep 08 02:53:35.951033 2020] [php7:error] [pid 10428:tid 1936] [client ::1:60799] PHP Parse error:  syntax error, unexpected '}' in C:\\xampp\\htdocs\\demo\\server.php on line 54
[Tue Sep 08 02:54:22.674751 2020] [php7:notice] [pid 10428:tid 1936] [client ::1:60815] PHP Notice:  Undefined variable: password_1 in C:\\xampp\\htdocs\\demo\\server.php on line 38
[Tue Sep 08 03:18:34.637059 2020] [php7:warn] [pid 10428:tid 1920] [client ::1:62148] PHP Warning:  mysqli_connect(): (HY000/1049): Unknown database 'registration' in C:\\xampp\\htdocs\\demo\\server.php on line 10
[Tue Sep 08 03:20:42.317453 2020] [php7:warn] [pid 10428:tid 1920] [client ::1:62252] PHP Warning:  mysqli_connect(): (HY000/1049): Unknown database 'registration' in C:\\xampp\\htdocs\\registration\\server.php on line 10
[Tue Sep 08 03:20:49.197759 2020] [php7:warn] [pid 10428:tid 1936] [client ::1:62253] PHP Warning:  mysqli_connect(): (HY000/1049): Unknown database 'registration' in C:\\xampp\\htdocs\\registration\\server.php on line 10
[Tue Sep 08 03:22:15.322834 2020] [php7:error] [pid 10428:tid 1920] [client ::1:62306] script 'C:/xampp/htdocs/demo/register.php' not found or unable to stat, referer: http://localhost/demo/login.php
[Tue Sep 08 03:23:45.638119 2020] [php7:warn] [pid 10428:tid 1936] [client ::1:62395] PHP Warning:  mysqli_fetch_assoc() expects parameter 1 to be mysqli_result, bool given in C:\\xampp\\htdocs\\demo\\server.php on line 33, referer: http://localhost/demo/register.php
[Tue Sep 08 03:25:35.119962 2020] [php7:warn] [pid 10428:tid 1920] [client ::1:62528] PHP Warning:  mysqli_fetch_assoc() expects parameter 1 to be mysqli_result, bool given in C:\\xampp\\htdocs\\demo\\server.php on line 33, referer: http://localhost/demo/register.php
[Tue Sep 08 03:30:13.509461 2020] [php7:warn] [pid 10428:tid 1936] [client ::1:62707] PHP Warning:  mysqli_fetch_assoc() expects parameter 1 to be mysqli_result, bool given in C:\\xampp\\htdocs\\demo\\server.php on line 33, referer: http://localhost/demo/register.php
[Tue Sep 08 03:30:45.542193 2020] [php7:warn] [pid 10428:tid 1936] [client ::1:62732] PHP Warning:  mysqli_num_rows() expects parameter 1 to be mysqli_result, bool given in C:\\xampp\\htdocs\\demo\\server.php on line 72, referer: http://localhost/demo/login.php
[Tue Sep 08 03:35:55.455073 2020] [php7:warn] [pid 10428:tid 1920] [client ::1:62855] PHP Warning:  mysqli_num_rows() expects parameter 1 to be mysqli_result, bool given in C:\\xampp\\htdocs\\demo\\server.php on line 72, referer: http://localhost/demo/login.php
[Tue Sep 08 03:36:10.756347 2020] [php7:error] [pid 10428:tid 1936] [client ::1:62867] script 'C:/xampp/htdocs/demo/registeration.php' not found or unable to stat, referer: http://localhost/demo/Registration.php
[Tue Sep 08 03:37:47.120049 2020] [php7:error] [pid 10428:tid 1936] [client ::1:62926] script 'C:/xampp/htdocs/demo/registeration.php' not found or unable to stat, referer: http://localhost/demo/Registration.php
[Fri Sep 11 03:35:45.602479 2020] [php7:notice] [pid 10428:tid 1936] [client ::1:63336] PHP Notice:  session_start(): A session had already been started - ignoring in C:\\xampp\\htdocs\\registration\\register.php on line 5
[Fri Sep 11 03:41:11.804571 2020] [php7:notice] [pid 10428:tid 1940] [client ::1:63399] PHP Notice:  session_start(): A session had already been started - ignoring in C:\\xampp\\htdocs\\registration\\index.php on line 71
[Fri Sep 11 03:42:12.526987 2020] [php7:notice] [pid 10428:tid 1940] [client ::1:63419] PHP Notice:  session_start(): A session had already been started - ignoring in C:\\xampp\\htdocs\\registration\\index.php on line 71, referer: http://localhost/registration/register.php
[Fri Sep 11 04:03:36.707440 2020] [php7:error] [pid 10428:tid 1940] [client ::1:63694] PHP Fatal error:  Uncaught InvalidArgumentException: Redirect URI must be absolute in C:\\xampp\\htdocs\\registration\\vendor\\google\\auth\\src\\OAuth2.php:771\nStack trace:\n#0 C:\\xampp\\htdocs\\registration\\vendor\\google\\auth\\src\\OAuth2.php(347): Google\\Auth\\OAuth2->setRedirectUri('Your exact loca...')\n#1 C:\\xampp\\htdocs\\registration\\vendor\\google\\apiclient\\src\\Google\\Client.php(1033): Google\\Auth\\OAuth2->__construct(Array)\n#2 C:\\xampp\\htdocs\\registration\\vendor\\google\\apiclient\\src\\Google\\Client.php(1013): Google_Client->createOAuth2Service()\n#3 C:\\xampp\\htdocs\\registration\\vendor\\google\\apiclient\\src\\Google\\Client.php(374): Google_Client->getOAuth2Service()\n#4 C:\\xampp\\htdocs\\registration\\login.php(63): Google_Client->createAuthUrl()\n#5 {main}\n  thrown in C:\\xampp\\htdocs\\registration\\vendor\\google\\auth\\src\\OAuth2.php on line 771, referer: http://localhost/registration/index.php?code=4/4AFxxxiJ2aIrL1nhBVV-xGiujDvfilzuNIegx--JsBrGjBY91hE75VcKnFuE04uZ8blwxmpS1h1rY7vUlr3FEcA&scope=email%20profile%20https://www.googleapis.com/auth/userinfo.email%20https://www.googleapis.com/auth/userinfo.profile%20openid&authuser=0&hd=iiita.ac.in&prompt=consent
[Fri Sep 11 04:03:43.888623 2020] [php7:error] [pid 10428:tid 1940] [client ::1:63698] PHP Fatal error:  Uncaught InvalidArgumentException: Redirect URI must be absolute in C:\\xampp\\htdocs\\registration\\vendor\\google\\auth\\src\\OAuth2.php:771\nStack trace:\n#0 C:\\xampp\\htdocs\\registration\\vendor\\google\\auth\\src\\OAuth2.php(347): Google\\Auth\\OAuth2->setRedirectUri('Your exact loca...')\n#1 C:\\xampp\\htdocs\\registration\\vendor\\google\\apiclient\\src\\Google\\Client.php(1033): Google\\Auth\\OAuth2->__construct(Array)\n#2 C:\\xampp\\htdocs\\registration\\vendor\\google\\apiclient\\src\\Google\\Client.php(1013): Google_Client->createOAuth2Service()\n#3 C:\\xampp\\htdocs\\registration\\vendor\\google\\apiclient\\src\\Google\\Client.php(374): Google_Client->getOAuth2Service()\n#4 C:\\xampp\\htdocs\\registration\\login.php(63): Google_Client->createAuthUrl()\n#5 {main}\n  thrown in C:\\xampp\\htdocs\\registration\\vendor\\google\\auth\\src\\OAuth2.php on line 771
[Fri Sep 11 04:03:51.309713 2020] [php7:error] [pid 10428:tid 1936] [client ::1:63699] PHP Fatal error:  Uncaught InvalidArgumentException: Redirect URI must be absolute in C:\\xampp\\htdocs\\registration\\vendor\\google\\auth\\src\\OAuth2.php:771\nStack trace:\n#0 C:\\xampp\\htdocs\\registration\\vendor\\google\\auth\\src\\OAuth2.php(347): Google\\Auth\\OAuth2->setRedirectUri('Your exact loca...')\n#1 C:\\xampp\\htdocs\\registration\\vendor\\google\\apiclient\\src\\Google\\Client.php(1033): Google\\Auth\\OAuth2->__construct(Array)\n#2 C:\\xampp\\htdocs\\registration\\vendor\\google\\apiclient\\src\\Google\\Client.php(1013): Google_Client->createOAuth2Service()\n#3 C:\\xampp\\htdocs\\registration\\vendor\\google\\apiclient\\src\\Google\\Client.php(374): Google_Client->getOAuth2Service()\n#4 C:\\xampp\\htdocs\\registration\\login.php(63): Google_Client->createAuthUrl()\n#5 {main}\n  thrown in C:\\xampp\\htdocs\\registration\\vendor\\google\\auth\\src\\OAuth2.php on line 771, referer: http://localhost/registration/login.php
[Fri Sep 11 04:03:56.900766 2020] [php7:error] [pid 10428:tid 1936] [client ::1:63706] PHP Fatal error:  Uncaught InvalidArgumentException: Redirect URI must be absolute in C:\\xampp\\htdocs\\registration\\vendor\\google\\auth\\src\\OAuth2.php:771\nStack trace:\n#0 C:\\xampp\\htdocs\\registration\\vendor\\google\\auth\\src\\OAuth2.php(347): Google\\Auth\\OAuth2->setRedirectUri('Your exact loca...')\n#1 C:\\xampp\\htdocs\\registration\\vendor\\google\\apiclient\\src\\Google\\Client.php(1033): Google\\Auth\\OAuth2->__construct(Array)\n#2 C:\\xampp\\htdocs\\registration\\vendor\\google\\apiclient\\src\\Google\\Client.php(1013): Google_Client->createOAuth2Service()\n#3 C:\\xampp\\htdocs\\registration\\vendor\\google\\apiclient\\src\\Google\\Client.php(374): Google_Client->getOAuth2Service()\n#4 C:\\xampp\\htdocs\\registration\\login.php(63): Google_Client->createAuthUrl()\n#5 {main}\n  thrown in C:\\xampp\\htdocs\\registration\\vendor\\google\\auth\\src\\OAuth2.php on line 771, referer: http://localhost/registration/register.php
[Fri Sep 11 04:04:06.539863 2020] [php7:error] [pid 10428:tid 1940] [client ::1:63711] PHP Fatal error:  Uncaught InvalidArgumentException: Redirect URI must be absolute in C:\\xampp\\htdocs\\registration\\vendor\\google\\auth\\src\\OAuth2.php:771\nStack trace:\n#0 C:\\xampp\\htdocs\\registration\\vendor\\google\\auth\\src\\OAuth2.php(347): Google\\Auth\\OAuth2->setRedirectUri('Your exact loca...')\n#1 C:\\xampp\\htdocs\\registration\\vendor\\google\\apiclient\\src\\Google\\Client.php(1033): Google\\Auth\\OAuth2->__construct(Array)\n#2 C:\\xampp\\htdocs\\registration\\vendor\\google\\apiclient\\src\\Google\\Client.php(1013): Google_Client->createOAuth2Service()\n#3 C:\\xampp\\htdocs\\registration\\vendor\\google\\apiclient\\src\\Google\\Client.php(374): Google_Client->getOAuth2Service()\n#4 C:\\xampp\\htdocs\\registration\\login.php(63): Google_Client->createAuthUrl()\n#5 {main}\n  thrown in C:\\xampp\\htdocs\\registration\\vendor\\google\\auth\\src\\OAuth2.php on line 771
[Fri Sep 11 04:04:17.491686 2020] [php7:error] [pid 10428:tid 1940] [client ::1:63718] PHP Fatal error:  Uncaught InvalidArgumentException: Redirect URI must be absolute in C:\\xampp\\htdocs\\registration\\vendor\\google\\auth\\src\\OAuth2.php:771\nStack trace:\n#0 C:\\xampp\\htdocs\\registration\\vendor\\google\\auth\\src\\OAuth2.php(347): Google\\Auth\\OAuth2->setRedirectUri('Your exact loca...')\n#1 C:\\xampp\\htdocs\\registration\\vendor\\google\\apiclient\\src\\Google\\Client.php(1033): Google\\Auth\\OAuth2->__construct(Array)\n#2 C:\\xampp\\htdocs\\registration\\vendor\\google\\apiclient\\src\\Google\\Client.php(1013): Google_Client->createOAuth2Service()\n#3 C:\\xampp\\htdocs\\registration\\vendor\\google\\apiclient\\src\\Google\\Client.php(374): Google_Client->getOAuth2Service()\n#4 C:\\xampp\\htdocs\\registration\\login.php(63): Google_Client->createAuthUrl()\n#5 {main}\n  thrown in C:\\xampp\\htdocs\\registration\\vendor\\google\\auth\\src\\OAuth2.php on line 771
[Fri Sep 11 04:05:39.203609 2020] [php7:error] [pid 10428:tid 1940] [client ::1:63734] PHP Fatal error:  Uncaught InvalidArgumentException: Redirect URI must be absolute in C:\\xampp\\htdocs\\registration\\vendor\\google\\auth\\src\\OAuth2.php:771\nStack trace:\n#0 C:\\xampp\\htdocs\\registration\\vendor\\google\\auth\\src\\OAuth2.php(347): Google\\Auth\\OAuth2->setRedirectUri('Your exact loca...')\n#1 C:\\xampp\\htdocs\\registration\\vendor\\google\\apiclient\\src\\Google\\Client.php(1033): Google\\Auth\\OAuth2->__construct(Array)\n#2 C:\\xampp\\htdocs\\registration\\vendor\\google\\apiclient\\src\\Google\\Client.php(1013): Google_Client->createOAuth2Service()\n#3 C:\\xampp\\htdocs\\registration\\vendor\\google\\apiclient\\src\\Google\\Client.php(374): Google_Client->getOAuth2Service()\n#4 C:\\xampp\\htdocs\\registration\\login.php(63): Google_Client->createAuthUrl()\n#5 {main}\n  thrown in C:\\xampp\\htdocs\\registration\\vendor\\google\\auth\\src\\OAuth2.php on line 771
[Fri Sep 11 04:05:52.116154 2020] [php7:error] [pid 10428:tid 1940] [client ::1:63741] PHP Fatal error:  Uncaught InvalidArgumentException: Redirect URI must be absolute in C:\\xampp\\htdocs\\registration\\vendor\\google\\auth\\src\\OAuth2.php:771\nStack trace:\n#0 C:\\xampp\\htdocs\\registration\\vendor\\google\\auth\\src\\OAuth2.php(347): Google\\Auth\\OAuth2->setRedirectUri('Your exact loca...')\n#1 C:\\xampp\\htdocs\\registration\\vendor\\google\\apiclient\\src\\Google\\Client.php(1033): Google\\Auth\\OAuth2->__construct(Array)\n#2 C:\\xampp\\htdocs\\registration\\vendor\\google\\apiclient\\src\\Google\\Client.php(1013): Google_Client->createOAuth2Service()\n#3 C:\\xampp\\htdocs\\registration\\vendor\\google\\apiclient\\src\\Google\\Client.php(374): Google_Client->getOAuth2Service()\n#4 C:\\xampp\\htdocs\\registration\\login.php(63): Google_Client->createAuthUrl()\n#5 {main}\n  thrown in C:\\xampp\\htdocs\\registration\\vendor\\google\\auth\\src\\OAuth2.php on line 771
[Fri Sep 11 04:05:54.969855 2020] [php7:error] [pid 10428:tid 1940] [client ::1:63746] PHP Fatal error:  Uncaught InvalidArgumentException: Redirect URI must be absolute in C:\\xampp\\htdocs\\registration\\vendor\\google\\auth\\src\\OAuth2.php:771\nStack trace:\n#0 C:\\xampp\\htdocs\\registration\\vendor\\google\\auth\\src\\OAuth2.php(347): Google\\Auth\\OAuth2->setRedirectUri('Your exact loca...')\n#1 C:\\xampp\\htdocs\\registration\\vendor\\google\\apiclient\\src\\Google\\Client.php(1033): Google\\Auth\\OAuth2->__construct(Array)\n#2 C:\\xampp\\htdocs\\registration\\vendor\\google\\apiclient\\src\\Google\\Client.php(1013): Google_Client->createOAuth2Service()\n#3 C:\\xampp\\htdocs\\registration\\vendor\\google\\apiclient\\src\\Google\\Client.php(374): Google_Client->getOAuth2Service()\n#4 C:\\xampp\\htdocs\\registration\\login.php(63): Google_Client->createAuthUrl()\n#5 {main}\n  thrown in C:\\xampp\\htdocs\\registration\\vendor\\google\\auth\\src\\OAuth2.php on line 771
[Fri Sep 11 04:05:56.331208 2020] [php7:error] [pid 10428:tid 1940] [client ::1:63746] PHP Fatal error:  Uncaught InvalidArgumentException: Redirect URI must be absolute in C:\\xampp\\htdocs\\registration\\vendor\\google\\auth\\src\\OAuth2.php:771\nStack trace:\n#0 C:\\xampp\\htdocs\\registration\\vendor\\google\\auth\\src\\OAuth2.php(347): Google\\Auth\\OAuth2->setRedirectUri('Your exact loca...')\n#1 C:\\xampp\\htdocs\\registration\\vendor\\google\\apiclient\\src\\Google\\Client.php(1033): Google\\Auth\\OAuth2->__construct(Array)\n#2 C:\\xampp\\htdocs\\registration\\vendor\\google\\apiclient\\src\\Google\\Client.php(1013): Google_Client->createOAuth2Service()\n#3 C:\\xampp\\htdocs\\registration\\vendor\\google\\apiclient\\src\\Google\\Client.php(374): Google_Client->getOAuth2Service()\n#4 C:\\xampp\\htdocs\\registration\\login.php(63): Google_Client->createAuthUrl()\n#5 {main}\n  thrown in C:\\xampp\\htdocs\\registration\\vendor\\google\\auth\\src\\OAuth2.php on line 771
[Fri Sep 11 04:05:57.839012 2020] [php7:error] [pid 10428:tid 1940] [client ::1:63746] PHP Fatal error:  Uncaught InvalidArgumentException: Redirect URI must be absolute in C:\\xampp\\htdocs\\registration\\vendor\\google\\auth\\src\\OAuth2.php:771\nStack trace:\n#0 C:\\xampp\\htdocs\\registration\\vendor\\google\\auth\\src\\OAuth2.php(347): Google\\Auth\\OAuth2->setRedirectUri('Your exact loca...')\n#1 C:\\xampp\\htdocs\\registration\\vendor\\google\\apiclient\\src\\Google\\Client.php(1033): Google\\Auth\\OAuth2->__construct(Array)\n#2 C:\\xampp\\htdocs\\registration\\vendor\\google\\apiclient\\src\\Google\\Client.php(1013): Google_Client->createOAuth2Service()\n#3 C:\\xampp\\htdocs\\registration\\vendor\\google\\apiclient\\src\\Google\\Client.php(374): Google_Client->getOAuth2Service()\n#4 C:\\xampp\\htdocs\\registration\\login.php(63): Google_Client->createAuthUrl()\n#5 {main}\n  thrown in C:\\xampp\\htdocs\\registration\\vendor\\google\\auth\\src\\OAuth2.php on line 771
[Fri Sep 11 04:05:58.329016 2020] [php7:error] [pid 10428:tid 1940] [client ::1:63746] PHP Fatal error:  Uncaught InvalidArgumentException: Redirect URI must be absolute in C:\\xampp\\htdocs\\registration\\vendor\\google\\auth\\src\\OAuth2.php:771\nStack trace:\n#0 C:\\xampp\\htdocs\\registration\\vendor\\google\\auth\\src\\OAuth2.php(347): Google\\Auth\\OAuth2->setRedirectUri('Your exact loca...')\n#1 C:\\xampp\\htdocs\\registration\\vendor\\google\\apiclient\\src\\Google\\Client.php(1033): Google\\Auth\\OAuth2->__construct(Array)\n#2 C:\\xampp\\htdocs\\registration\\vendor\\google\\apiclient\\src\\Google\\Client.php(1013): Google_Client->createOAuth2Service()\n#3 C:\\xampp\\htdocs\\registration\\vendor\\google\\apiclient\\src\\Google\\Client.php(374): Google_Client->getOAuth2Service()\n#4 C:\\xampp\\htdocs\\registration\\login.php(63): Google_Client->createAuthUrl()\n#5 {main}\n  thrown in C:\\xampp\\htdocs\\registration\\vendor\\google\\auth\\src\\OAuth2.php on line 771
[Fri Sep 11 04:05:58.762666 2020] [php7:error] [pid 10428:tid 1940] [client ::1:63746] PHP Fatal error:  Uncaught InvalidArgumentException: Redirect URI must be absolute in C:\\xampp\\htdocs\\registration\\vendor\\google\\auth\\src\\OAuth2.php:771\nStack trace:\n#0 C:\\xampp\\htdocs\\registration\\vendor\\google\\auth\\src\\OAuth2.php(347): Google\\Auth\\OAuth2->setRedirectUri('Your exact loca...')\n#1 C:\\xampp\\htdocs\\registration\\vendor\\google\\apiclient\\src\\Google\\Client.php(1033): Google\\Auth\\OAuth2->__construct(Array)\n#2 C:\\xampp\\htdocs\\registration\\vendor\\google\\apiclient\\src\\Google\\Client.php(1013): Google_Client->createOAuth2Service()\n#3 C:\\xampp\\htdocs\\registration\\vendor\\google\\apiclient\\src\\Google\\Client.php(374): Google_Client->getOAuth2Service()\n#4 C:\\xampp\\htdocs\\registration\\login.php(63): Google_Client->createAuthUrl()\n#5 {main}\n  thrown in C:\\xampp\\htdocs\\registration\\vendor\\google\\auth\\src\\OAuth2.php on line 771
[Fri Sep 11 04:06:19.665250 2020] [php7:error] [pid 10428:tid 1940] [client ::1:63757] PHP Fatal error:  Uncaught InvalidArgumentException: Redirect URI must be absolute in C:\\xampp\\htdocs\\registration\\vendor\\google\\auth\\src\\OAuth2.php:771\nStack trace:\n#0 C:\\xampp\\htdocs\\registration\\vendor\\google\\auth\\src\\OAuth2.php(347): Google\\Auth\\OAuth2->setRedirectUri('Your exact loca...')\n#1 C:\\xampp\\htdocs\\registration\\vendor\\google\\apiclient\\src\\Google\\Client.php(1033): Google\\Auth\\OAuth2->__construct(Array)\n#2 C:\\xampp\\htdocs\\registration\\vendor\\google\\apiclient\\src\\Google\\Client.php(1013): Google_Client->createOAuth2Service()\n#3 C:\\xampp\\htdocs\\registration\\vendor\\google\\apiclient\\src\\Google\\Client.php(374): Google_Client->getOAuth2Service()\n#4 C:\\xampp\\htdocs\\registration\\login.php(63): Google_Client->createAuthUrl()\n#5 {main}\n  thrown in C:\\xampp\\htdocs\\registration\\vendor\\google\\auth\\src\\OAuth2.php on line 771
[Fri Sep 11 04:06:32.135401 2020] [php7:error] [pid 10428:tid 1936] [client ::1:63762] PHP Fatal error:  Uncaught InvalidArgumentException: Redirect URI must be absolute in C:\\xampp\\htdocs\\registration\\vendor\\google\\auth\\src\\OAuth2.php:771\nStack trace:\n#0 C:\\xampp\\htdocs\\registration\\vendor\\google\\auth\\src\\OAuth2.php(347): Google\\Auth\\OAuth2->setRedirectUri('Your exact loca...')\n#1 C:\\xampp\\htdocs\\registration\\vendor\\google\\apiclient\\src\\Google\\Client.php(1033): Google\\Auth\\OAuth2->__construct(Array)\n#2 C:\\xampp\\htdocs\\registration\\vendor\\google\\apiclient\\src\\Google\\Client.php(1013): Google_Client->createOAuth2Service()\n#3 C:\\xampp\\htdocs\\registration\\vendor\\google\\apiclient\\src\\Google\\Client.php(374): Google_Client->getOAuth2Service()\n#4 C:\\xampp\\htdocs\\registration\\login.php(63): Google_Client->createAuthUrl()\n#5 {main}\n  thrown in C:\\xampp\\htdocs\\registration\\vendor\\google\\auth\\src\\OAuth2.php on line 771, referer: http://localhost/registration/register.php
[Fri Sep 11 04:06:35.519516 2020] [php7:error] [pid 10428:tid 1936] [client ::1:63767] PHP Fatal error:  Uncaught InvalidArgumentException: Redirect URI must be absolute in C:\\xampp\\htdocs\\registration\\vendor\\google\\auth\\src\\OAuth2.php:771\nStack trace:\n#0 C:\\xampp\\htdocs\\registration\\vendor\\google\\auth\\src\\OAuth2.php(347): Google\\Auth\\OAuth2->setRedirectUri('Your exact loca...')\n#1 C:\\xampp\\htdocs\\registration\\vendor\\google\\apiclient\\src\\Google\\Client.php(1033): Google\\Auth\\OAuth2->__construct(Array)\n#2 C:\\xampp\\htdocs\\registration\\vendor\\google\\apiclient\\src\\Google\\Client.php(1013): Google_Client->createOAuth2Service()\n#3 C:\\xampp\\htdocs\\registration\\vendor\\google\\apiclient\\src\\Google\\Client.php(374): Google_Client->getOAuth2Service()\n#4 C:\\xampp\\htdocs\\registration\\login.php(63): Google_Client->createAuthUrl()\n#5 {main}\n  thrown in C:\\xampp\\htdocs\\registration\\vendor\\google\\auth\\src\\OAuth2.php on line 771, referer: http://localhost/registration/register.php
[Fri Sep 11 04:52:30.941368 2020] [php7:error] [pid 10428:tid 1936] [client ::1:63928] script 'C:/xampp/htdocs/registration/login1.php' not found or unable to stat
[Fri Sep 11 04:55:26.998415 2020] [php7:error] [pid 10428:tid 1936] [client ::1:64018] script 'C:/xampp/htdocs/registration/login1.php' not found or unable to stat
[Fri Sep 11 04:56:38.994569 2020] [php7:error] [pid 10428:tid 1940] [client ::1:64040] PHP Fatal error:  Uncaught GuzzleHttp\\Exception\\ClientException: Client error: `POST https://oauth2.googleapis.com/revoke` resulted in a `400 Bad Request` response:\n{\n  "error": "invalid_request",\n  "error_description": "Bad Request"\n}\n in C:\\xampp\\htdocs\\registration\\vendor\\guzzlehttp\\guzzle\\src\\Exception\\RequestException.php:111\nStack trace:\n#0 C:\\xampp\\htdocs\\registration\\vendor\\guzzlehttp\\guzzle\\src\\Middleware.php(66): GuzzleHttp\\Exception\\RequestException::create(Object(GuzzleHttp\\Psr7\\Request), Object(GuzzleHttp\\Psr7\\Response))\n#1 C:\\xampp\\htdocs\\registration\\vendor\\guzzlehttp\\promises\\src\\Promise.php(203): GuzzleHttp\\Middleware::GuzzleHttp\\{closure}(Object(GuzzleHttp\\Psr7\\Response))\n#2 C:\\xampp\\htdocs\\registration\\vendor\\guzzlehttp\\promises\\src\\Promise.php(156): GuzzleHttp\\Promise\\Promise::callHandler(1, Object(GuzzleHttp\\Psr7\\Response), Array)\n#3 C:\\xampp\\htdocs\\registration\\vendor\\guzzlehttp\\promises\\src\\TaskQueue.php(47): GuzzleHttp\\Promise\\Promise::GuzzleHttp\\Promise\\{closure}()\n#4 C:\\xampp\\htdocs\\registration\\vendo in C:\\xampp\\htdocs\\registration\\vendor\\guzzlehttp\\guzzle\\src\\Exception\\RequestException.php on line 111, referer: http://localhost/registration/index1.php?code=4%2F4AHT9n-N0dsmuObYMwiZGRn_cq4TdO0zvEJYxw1X5rnGq9_b3peFoxA2Z9jHUfNgfEdM3uWK2_xn11RQT5rgJbc&scope=email+profile+https%3A%2F%2Fwww.googleapis.com%2Fauth%2Fuserinfo.email+https%3A%2F%2Fwww.googleapis.com%2Fauth%2Fuserinfo.profile+openid&authuser=2&prompt=consent
[Fri Sep 11 04:57:22.209847 2020] [php7:error] [pid 10428:tid 1936] [client ::1:64052] PHP Fatal error:  Uncaught GuzzleHttp\\Exception\\ClientException: Client error: `POST https://oauth2.googleapis.com/revoke` resulted in a `400 Bad Request` response:\n{\n  "error": "invalid_request",\n  "error_description": "Bad Request"\n}\n in C:\\xampp\\htdocs\\registration\\vendor\\guzzlehttp\\guzzle\\src\\Exception\\RequestException.php:111\nStack trace:\n#0 C:\\xampp\\htdocs\\registration\\vendor\\guzzlehttp\\guzzle\\src\\Middleware.php(66): GuzzleHttp\\Exception\\RequestException::create(Object(GuzzleHttp\\Psr7\\Request), Object(GuzzleHttp\\Psr7\\Response))\n#1 C:\\xampp\\htdocs\\registration\\vendor\\guzzlehttp\\promises\\src\\Promise.php(203): GuzzleHttp\\Middleware::GuzzleHttp\\{closure}(Object(GuzzleHttp\\Psr7\\Response))\n#2 C:\\xampp\\htdocs\\registration\\vendor\\guzzlehttp\\promises\\src\\Promise.php(156): GuzzleHttp\\Promise\\Promise::callHandler(1, Object(GuzzleHttp\\Psr7\\Response), Array)\n#3 C:\\xampp\\htdocs\\registration\\vendor\\guzzlehttp\\promises\\src\\TaskQueue.php(47): GuzzleHttp\\Promise\\Promise::GuzzleHttp\\Promise\\{closure}()\n#4 C:\\xampp\\htdocs\\registration\\vendo in C:\\xampp\\htdocs\\registration\\vendor\\guzzlehttp\\guzzle\\src\\Exception\\RequestException.php on line 111, referer: http://localhost/registration/index1.php?code=4%2F4AHT9n-N0dsmuObYMwiZGRn_cq4TdO0zvEJYxw1X5rnGq9_b3peFoxA2Z9jHUfNgfEdM3uWK2_xn11RQT5rgJbc&scope=email+profile+https%3A%2F%2Fwww.googleapis.com%2Fauth%2Fuserinfo.email+https%3A%2F%2Fwww.googleapis.com%2Fauth%2Fuserinfo.profile+openid&authuser=2&prompt=consent
[Fri Sep 11 04:57:24.561831 2020] [php7:error] [pid 10428:tid 1936] [client ::1:64052] PHP Fatal error:  Uncaught GuzzleHttp\\Exception\\ClientException: Client error: `POST https://oauth2.googleapis.com/revoke` resulted in a `400 Bad Request` response:\n{\n  "error": "invalid_request",\n  "error_description": "Bad Request"\n}\n in C:\\xampp\\htdocs\\registration\\vendor\\guzzlehttp\\guzzle\\src\\Exception\\RequestException.php:111\nStack trace:\n#0 C:\\xampp\\htdocs\\registration\\vendor\\guzzlehttp\\guzzle\\src\\Middleware.php(66): GuzzleHttp\\Exception\\RequestException::create(Object(GuzzleHttp\\Psr7\\Request), Object(GuzzleHttp\\Psr7\\Response))\n#1 C:\\xampp\\htdocs\\registration\\vendor\\guzzlehttp\\promises\\src\\Promise.php(203): GuzzleHttp\\Middleware::GuzzleHttp\\{closure}(Object(GuzzleHttp\\Psr7\\Response))\n#2 C:\\xampp\\htdocs\\registration\\vendor\\guzzlehttp\\promises\\src\\Promise.php(156): GuzzleHttp\\Promise\\Promise::callHandler(1, Object(GuzzleHttp\\Psr7\\Response), Array)\n#3 C:\\xampp\\htdocs\\registration\\vendor\\guzzlehttp\\promises\\src\\TaskQueue.php(47): GuzzleHttp\\Promise\\Promise::GuzzleHttp\\Promise\\{closure}()\n#4 C:\\xampp\\htdocs\\registration\\vendo in C:\\xampp\\htdocs\\registration\\vendor\\guzzlehttp\\guzzle\\src\\Exception\\RequestException.php on line 111, referer: http://localhost/registration/index1.php?code=4%2F4AHT9n-N0dsmuObYMwiZGRn_cq4TdO0zvEJYxw1X5rnGq9_b3peFoxA2Z9jHUfNgfEdM3uWK2_xn11RQT5rgJbc&scope=email+profile+https%3A%2F%2Fwww.googleapis.com%2Fauth%2Fuserinfo.email+https%3A%2F%2Fwww.googleapis.com%2Fauth%2Fuserinfo.profile+openid&authuser=2&prompt=consent
[Fri Sep 11 04:57:25.717826 2020] [php7:error] [pid 10428:tid 1936] [client ::1:64052] PHP Fatal error:  Uncaught GuzzleHttp\\Exception\\ClientException: Client error: `POST https://oauth2.googleapis.com/token` resulted in a `400 Bad Request` response:\n{\n  "error": "invalid_grant",\n  "error_description": "Bad Request"\n}\n in C:\\xampp\\htdocs\\registration\\vendor\\guzzlehttp\\guzzle\\src\\Exception\\RequestException.php:111\nStack trace:\n#0 C:\\xampp\\htdocs\\registration\\vendor\\guzzlehttp\\guzzle\\src\\Middleware.php(66): GuzzleHttp\\Exception\\RequestException::create(Object(GuzzleHttp\\Psr7\\Request), Object(GuzzleHttp\\Psr7\\Response))\n#1 C:\\xampp\\htdocs\\registration\\vendor\\guzzlehttp\\promises\\src\\Promise.php(203): GuzzleHttp\\Middleware::GuzzleHttp\\{closure}(Object(GuzzleHttp\\Psr7\\Response))\n#2 C:\\xampp\\htdocs\\registration\\vendor\\guzzlehttp\\promises\\src\\Promise.php(156): GuzzleHttp\\Promise\\Promise::callHandler(1, Object(GuzzleHttp\\Psr7\\Response), Array)\n#3 C:\\xampp\\htdocs\\registration\\vendor\\guzzlehttp\\promises\\src\\TaskQueue.php(47): GuzzleHttp\\Promise\\Promise::GuzzleHttp\\Promise\\{closure}()\n#4 C:\\xampp\\htdocs\\registration\\vendor\\g in C:\\xampp\\htdocs\\registration\\vendor\\guzzlehttp\\guzzle\\src\\Exception\\RequestException.php on line 111
[Fri Sep 11 04:57:44.054795 2020] [php7:error] [pid 10428:tid 1936] [client ::1:64085] PHP Fatal error:  Uncaught GuzzleHttp\\Exception\\ClientException: Client error: `POST https://oauth2.googleapis.com/revoke` resulted in a `400 Bad Request` response:\n{\n  "error": "invalid_request",\n  "error_description": "Bad Request"\n}\n in C:\\xampp\\htdocs\\registration\\vendor\\guzzlehttp\\guzzle\\src\\Exception\\RequestException.php:111\nStack trace:\n#0 C:\\xampp\\htdocs\\registration\\vendor\\guzzlehttp\\guzzle\\src\\Middleware.php(66): GuzzleHttp\\Exception\\RequestException::create(Object(GuzzleHttp\\Psr7\\Request), Object(GuzzleHttp\\Psr7\\Response))\n#1 C:\\xampp\\htdocs\\registration\\vendor\\guzzlehttp\\promises\\src\\Promise.php(203): GuzzleHttp\\Middleware::GuzzleHttp\\{closure}(Object(GuzzleHttp\\Psr7\\Response))\n#2 C:\\xampp\\htdocs\\registration\\vendor\\guzzlehttp\\promises\\src\\Promise.php(156): GuzzleHttp\\Promise\\Promise::callHandler(1, Object(GuzzleHttp\\Psr7\\Response), Array)\n#3 C:\\xampp\\htdocs\\registration\\vendor\\guzzlehttp\\promises\\src\\TaskQueue.php(47): GuzzleHttp\\Promise\\Promise::GuzzleHttp\\Promise\\{closure}()\n#4 C:\\xampp\\htdocs\\registration\\vendo in C:\\xampp\\htdocs\\registration\\vendor\\guzzlehttp\\guzzle\\src\\Exception\\RequestException.php on line 111, referer: http://localhost/registration/index1.php?code=4%2F4AFmssEcRfVygkAcEJAAI7w0KEmd55osP93ZI4oeDB8xWceyiBbC3CzalnhGHlpznKvseKXfwbl_2sToE4ROlk4&scope=email+profile+https%3A%2F%2Fwww.googleapis.com%2Fauth%2Fuserinfo.email+https%3A%2F%2Fwww.googleapis.com%2Fauth%2Fuserinfo.profile+openid&authuser=2&prompt=consent
[Fri Sep 11 04:58:50.324287 2020] [php7:error] [pid 10428:tid 1936] [client ::1:64099] PHP Fatal error:  Uncaught GuzzleHttp\\Exception\\ClientException: Client error: `POST https://oauth2.googleapis.com/token` resulted in a `400 Bad Request` response:\n{\n  "error": "invalid_grant",\n  "error_description": "Bad Request"\n}\n in C:\\xampp\\htdocs\\registration\\vendor\\guzzlehttp\\guzzle\\src\\Exception\\RequestException.php:111\nStack trace:\n#0 C:\\xampp\\htdocs\\registration\\vendor\\guzzlehttp\\guzzle\\src\\Middleware.php(66): GuzzleHttp\\Exception\\RequestException::create(Object(GuzzleHttp\\Psr7\\Request), Object(GuzzleHttp\\Psr7\\Response))\n#1 C:\\xampp\\htdocs\\registration\\vendor\\guzzlehttp\\promises\\src\\Promise.php(203): GuzzleHttp\\Middleware::GuzzleHttp\\{closure}(Object(GuzzleHttp\\Psr7\\Response))\n#2 C:\\xampp\\htdocs\\registration\\vendor\\guzzlehttp\\promises\\src\\Promise.php(156): GuzzleHttp\\Promise\\Promise::callHandler(1, Object(GuzzleHttp\\Psr7\\Response), Array)\n#3 C:\\xampp\\htdocs\\registration\\vendor\\guzzlehttp\\promises\\src\\TaskQueue.php(47): GuzzleHttp\\Promise\\Promise::GuzzleHttp\\Promise\\{closure}()\n#4 C:\\xampp\\htdocs\\registration\\vendor\\g in C:\\xampp\\htdocs\\registration\\vendor\\guzzlehttp\\guzzle\\src\\Exception\\RequestException.php on line 111
[Fri Sep 11 16:58:31.499263 2020] [php7:error] [pid 10428:tid 1932] [client ::1:59345] PHP Fatal error:  Uncaught GuzzleHttp\\Exception\\ClientException: Client error: `POST https://oauth2.googleapis.com/token` resulted in a `400 Bad Request` response:\n{\n  "error": "invalid_grant",\n  "error_description": "Bad Request"\n}\n in C:\\xampp\\htdocs\\registration\\vendor\\guzzlehttp\\guzzle\\src\\Exception\\RequestException.php:111\nStack trace:\n#0 C:\\xampp\\htdocs\\registration\\vendor\\guzzlehttp\\guzzle\\src\\Middleware.php(66): GuzzleHttp\\Exception\\RequestException::create(Object(GuzzleHttp\\Psr7\\Request), Object(GuzzleHttp\\Psr7\\Response))\n#1 C:\\xampp\\htdocs\\registration\\vendor\\guzzlehttp\\promises\\src\\Promise.php(203): GuzzleHttp\\Middleware::GuzzleHttp\\{closure}(Object(GuzzleHttp\\Psr7\\Response))\n#2 C:\\xampp\\htdocs\\registration\\vendor\\guzzlehttp\\promises\\src\\Promise.php(156): GuzzleHttp\\Promise\\Promise::callHandler(1, Object(GuzzleHttp\\Psr7\\Response), Array)\n#3 C:\\xampp\\htdocs\\registration\\vendor\\guzzlehttp\\promises\\src\\TaskQueue.php(47): GuzzleHttp\\Promise\\Promise::GuzzleHttp\\Promise\\{closure}()\n#4 C:\\xampp\\htdocs\\registration\\vendor\\g in C:\\xampp\\htdocs\\registration\\vendor\\guzzlehttp\\guzzle\\src\\Exception\\RequestException.php on line 111
[Sat Sep 12 03:22:47.348621 2020] [ssl:warn] [pid 8368:tid 628] AH01909: www.example.com:443:0 server certificate does NOT include an ID which matches the server name
[Sat Sep 12 03:22:47.606082 2020] [core:warn] [pid 8368:tid 628] AH00098: pid file C:/xampp/apache/logs/httpd.pid overwritten -- Unclean shutdown of previous Apache run?
[Sat Sep 12 03:22:47.679883 2020] [ssl:warn] [pid 8368:tid 628] AH01909: www.example.com:443:0 server certificate does NOT include an ID which matches the server name
[Sat Sep 12 03:22:50.273839 2020] [mpm_winnt:notice] [pid 8368:tid 628] AH00455: Apache/2.4.46 (Win64) OpenSSL/1.1.1g PHP/7.4.9 configured -- resuming normal operations
[Sat Sep 12 03:22:50.274791 2020] [mpm_winnt:notice] [pid 8368:tid 628] AH00456: Apache Lounge VC15 Server built: Aug  4 2020 11:50:23
[Sat Sep 12 03:22:50.274791 2020] [core:notice] [pid 8368:tid 628] AH00094: Command line: 'c:\\xampp\\apache\\bin\\httpd.exe -d C:/xampp/apache'
[Sat Sep 12 03:22:50.352798 2020] [mpm_winnt:notice] [pid 8368:tid 628] AH00418: Parent: Created child process 12272
[Sat Sep 12 03:22:51.621884 2020] [ssl:warn] [pid 12272:tid 632] AH01909: www.example.com:443:0 server certificate does NOT include an ID which matches the server name
[Sat Sep 12 03:22:51.843293 2020] [ssl:warn] [pid 12272:tid 632] AH01909: www.example.com:443:0 server certificate does NOT include an ID which matches the server name
[Sat Sep 12 03:22:51.938251 2020] [mpm_winnt:notice] [pid 12272:tid 632] AH00354: Child: Starting 150 worker threads.
[Sun Sep 13 02:06:16.844432 2020] [php7:error] [pid 12272:tid 1872] [client ::1:53363] PHP Parse error:  syntax error, unexpected '<' in C:\\xampp\\htdocs\\registration\\index1.php on line 62, referer: http://localhost/registration/register.php
[Sun Sep 13 02:06:34.706733 2020] [php7:error] [pid 12272:tid 1880] [client ::1:53371] PHP Parse error:  syntax error, unexpected '<' in C:\\xampp\\htdocs\\registration\\index1.php on line 62, referer: http://localhost/registration/register.php
[Sun Sep 13 02:06:35.986601 2020] [php7:error] [pid 12272:tid 1880] [client ::1:53371] PHP Parse error:  syntax error, unexpected '<' in C:\\xampp\\htdocs\\registration\\index1.php on line 62, referer: http://localhost/registration/register.php
[Sun Sep 13 02:06:36.750604 2020] [php7:error] [pid 12272:tid 1880] [client ::1:53371] PHP Parse error:  syntax error, unexpected '<' in C:\\xampp\\htdocs\\registration\\index1.php on line 62, referer: http://localhost/registration/register.php
[Sun Sep 13 02:06:36.962607 2020] [php7:error] [pid 12272:tid 1880] [client ::1:53371] PHP Parse error:  syntax error, unexpected '<' in C:\\xampp\\htdocs\\registration\\index1.php on line 62, referer: http://localhost/registration/register.php
[Sun Sep 13 02:06:37.292301 2020] [php7:error] [pid 12272:tid 1880] [client ::1:53371] PHP Parse error:  syntax error, unexpected '<' in C:\\xampp\\htdocs\\registration\\index1.php on line 62, referer: http://localhost/registration/register.php
[Sun Sep 13 02:06:37.736720 2020] [php7:error] [pid 12272:tid 1880] [client ::1:53371] PHP Parse error:  syntax error, unexpected '<' in C:\\xampp\\htdocs\\registration\\index1.php on line 62, referer: http://localhost/registration/register.php
[Sun Sep 13 13:25:42.818900 2020] [php7:error] [pid 12272:tid 1872] [client ::1:55729] PHP Fatal error:  Uncaught GuzzleHttp\\Exception\\ConnectException: cURL error 52: Empty reply from server (see https://curl.haxx.se/libcurl/c/libcurl-errors.html) in C:\\xampp\\htdocs\\registration\\vendor\\guzzlehttp\\guzzle\\src\\Handler\\CurlFactory.php:207\nStack trace:\n#0 C:\\xampp\\htdocs\\registration\\vendor\\guzzlehttp\\guzzle\\src\\Handler\\CurlFactory.php(162): GuzzleHttp\\Handler\\CurlFactory::createRejection(Object(GuzzleHttp\\Handler\\EasyHandle), Array)\n#1 C:\\xampp\\htdocs\\registration\\vendor\\guzzlehttp\\guzzle\\src\\Handler\\CurlFactory.php(109): GuzzleHttp\\Handler\\CurlFactory::finishError(Object(GuzzleHttp\\Handler\\CurlHandler), Object(GuzzleHttp\\Handler\\EasyHandle), Object(GuzzleHttp\\Handler\\CurlFactory))\n#2 C:\\xampp\\htdocs\\registration\\vendor\\guzzlehttp\\guzzle\\src\\Handler\\CurlHandler.php(45): GuzzleHttp\\Handler\\CurlFactory::finish(Object(GuzzleHttp\\Handler\\CurlHandler), Object(GuzzleHttp\\Handler\\EasyHandle), Object(GuzzleHttp\\Handler\\CurlFactory))\n#3 C:\\xampp\\htdocs\\registration\\vendor\\guzzlehttp\\guzzle\\src\\Handler\\Proxy.php(30): GuzzleH in C:\\xampp\\htdocs\\registration\\vendor\\guzzlehttp\\guzzle\\src\\Handler\\CurlFactory.php on line 207
[Mon Sep 14 19:00:42.114473 2020] [ssl:warn] [pid 400:tid 564] AH01909: www.example.com:443:0 server certificate does NOT include an ID which matches the server name
[Mon Sep 14 19:00:42.412676 2020] [core:warn] [pid 400:tid 564] AH00098: pid file C:/xampp/apache/logs/httpd.pid overwritten -- Unclean shutdown of previous Apache run?
[Mon Sep 14 19:00:42.420664 2020] [ssl:warn] [pid 400:tid 564] AH01909: www.example.com:443:0 server certificate does NOT include an ID which matches the server name
[Mon Sep 14 19:00:43.886542 2020] [mpm_winnt:notice] [pid 400:tid 564] AH00455: Apache/2.4.46 (Win64) OpenSSL/1.1.1g PHP/7.4.9 configured -- resuming normal operations
[Mon Sep 14 19:00:43.886542 2020] [mpm_winnt:notice] [pid 400:tid 564] AH00456: Apache Lounge VC15 Server built: Aug  4 2020 11:50:23
[Mon Sep 14 19:00:43.886542 2020] [core:notice] [pid 400:tid 564] AH00094: Command line: 'c:\\xampp\\apache\\bin\\httpd.exe -d C:/xampp/apache'
[Mon Sep 14 19:00:43.929441 2020] [mpm_winnt:notice] [pid 400:tid 564] AH00418: Parent: Created child process 22848
[Mon Sep 14 19:00:45.117150 2020] [ssl:warn] [pid 22848:tid 656] AH01909: www.example.com:443:0 server certificate does NOT include an ID which matches the server name
[Mon Sep 14 19:00:45.259768 2020] [ssl:warn] [pid 22848:tid 656] AH01909: www.example.com:443:0 server certificate does NOT include an ID which matches the server name
[Mon Sep 14 19:00:45.347532 2020] [mpm_winnt:notice] [pid 22848:tid 656] AH00354: Child: Starting 150 worker threads.
[Mon Sep 14 19:37:35.153319 2020] [php7:error] [pid 22848:tid 1868] [client ::1:64252] script 'C:/xampp/htdocs/xampp/index.php' not found or unable to stat
[Mon Sep 14 23:27:14.276213 2020] [php7:error] [pid 22848:tid 1888] [client ::1:50838] PHP Fatal error:  Uncaught GuzzleHttp\\Exception\\ClientException: Client error: `POST https://oauth2.googleapis.com/token` resulted in a `400 Bad Request` response:\n{\n  "error": "invalid_grant",\n  "error_description": "Bad Request"\n}\n in C:\\xampp\\htdocs\\registration\\vendor\\guzzlehttp\\guzzle\\src\\Exception\\RequestException.php:111\nStack trace:\n#0 C:\\xampp\\htdocs\\registration\\vendor\\guzzlehttp\\guzzle\\src\\Middleware.php(66): GuzzleHttp\\Exception\\RequestException::create(Object(GuzzleHttp\\Psr7\\Request), Object(GuzzleHttp\\Psr7\\Response))\n#1 C:\\xampp\\htdocs\\registration\\vendor\\guzzlehttp\\promises\\src\\Promise.php(203): GuzzleHttp\\Middleware::GuzzleHttp\\{closure}(Object(GuzzleHttp\\Psr7\\Response))\n#2 C:\\xampp\\htdocs\\registration\\vendor\\guzzlehttp\\promises\\src\\Promise.php(156): GuzzleHttp\\Promise\\Promise::callHandler(1, Object(GuzzleHttp\\Psr7\\Response), Array)\n#3 C:\\xampp\\htdocs\\registration\\vendor\\guzzlehttp\\promises\\src\\TaskQueue.php(47): GuzzleHttp\\Promise\\Promise::GuzzleHttp\\Promise\\{closure}()\n#4 C:\\xampp\\htdocs\\registration\\vendor\\g in C:\\xampp\\htdocs\\registration\\vendor\\guzzlehttp\\guzzle\\src\\Exception\\RequestException.php on line 111
[Tue Sep 15 21:50:58.764977 2020] [php7:notice] [pid 22848:tid 1896] [client ::1:49576] PHP Notice:  Undefined index: password in C:\\xampp\\htdocs\\registration\\server.php on line 59, referer: http://localhost/registration/register.php
[Tue Sep 15 21:51:49.078440 2020] [php7:notice] [pid 22848:tid 1888] [client ::1:49589] PHP Notice:  Undefined index: password in C:\\xampp\\htdocs\\registration\\server.php on line 59, referer: http://localhost/registration/register.php
[Tue Sep 15 21:57:02.063231 2020] [php7:notice] [pid 22848:tid 1896] [client ::1:49599] PHP Notice:  Undefined index: password in C:\\xampp\\htdocs\\registration\\server.php on line 59, referer: http://localhost/registration/register.php
[Tue Sep 15 21:57:04.219091 2020] [php7:notice] [pid 22848:tid 1876] [client ::1:49604] PHP Notice:  Undefined index: password in C:\\xampp\\htdocs\\registration\\server.php on line 59, referer: http://localhost/registration/register.php
[Tue Sep 15 23:10:48.187727 2020] [php7:warn] [pid 22848:tid 1896] [client ::1:50290] PHP Warning:  mail(): Failed to connect to mailserver at &quot;localhost&quot; port 25, verify your &quot;SMTP&quot; and &quot;smtp_port&quot; setting in php.ini or use ini_set() in C:\\xampp\\htdocs\\loginsystem\\index.php on line 72, referer: http://localhost/loginsystem/index.php
